<?xml version="1.0" encoding="UTF-8"?>
<testsuite xmlns:xsi="http://www.w3.org/2001/XMLSchema-instance" xsi:noNamespaceSchemaLocation="https://maven.apache.org/surefire/maven-surefire-plugin/xsd/surefire-test-report-3.0.xsd" version="3.0" name="TestSuite" time="79.522" tests="8" errors="0" skipped="0" failures="0">
  <properties>
    <property name="java.specification.version" value="17"/>
    <property name="webdriver.chrome.driver" value="C:\Users\nreka\.cache\selenium\chromedriver\win64\134.0.6998.165\chromedriver.exe"/>
    <property name="sun.cpu.isalist" value="amd64"/>
    <property name="sun.jnu.encoding" value="Cp1252"/>
    <property name="java.class.path" value="C:\Users\nreka\vscodedevops\parabank\target\test-classes;C:\Users\nreka\vscodedevops\parabank\target\classes;C:\Users\nreka\.m2\repository\io\github\bonigarcia\webdrivermanager\5.8.0\webdrivermanager-5.8.0.jar;C:\Users\nreka\.m2\repository\org\slf4j\slf4j-api\2.0.12\slf4j-api-2.0.12.jar;C:\Users\nreka\.m2\repository\com\github\docker-java\docker-java\3.3.6\docker-java-3.3.6.jar;C:\Users\nreka\.m2\repository\com\github\docker-java\docker-java-core\3.3.6\docker-java-core-3.3.6.jar;C:\Users\nreka\.m2\repository\com\github\docker-java\docker-java-api\3.3.6\docker-java-api-3.3.6.jar;C:\Users\nreka\.m2\repository\org\bouncycastle\bcpkix-jdk18on\1.76\bcpkix-jdk18on-1.76.jar;C:\Users\nreka\.m2\repository\org\bouncycastle\bcprov-jdk18on\1.76\bcprov-jdk18on-1.76.jar;C:\Users\nreka\.m2\repository\org\bouncycastle\bcutil-jdk18on\1.76\bcutil-jdk18on-1.76.jar;C:\Users\nreka\.m2\repository\org\slf4j\jcl-over-slf4j\1.7.30\jcl-over-slf4j-1.7.30.jar;C:\Users\nreka\.m2\repository\com\github\docker-java\docker-java-transport-httpclient5\3.3.6\docker-java-transport-httpclient5-3.3.6.jar;C:\Users\nreka\.m2\repository\com\github\docker-java\docker-java-transport\3.3.6\docker-java-transport-3.3.6.jar;C:\Users\nreka\.m2\repository\net\java\dev\jna\jna\5.13.0\jna-5.13.0.jar;C:\Users\nreka\.m2\repository\org\brotli\dec\0.1.2\dec-0.1.2.jar;C:\Users\nreka\.m2\repository\org\apache\commons\commons-compress\1.26.1\commons-compress-1.26.1.jar;C:\Users\nreka\.m2\repository\org\apache\httpcomponents\client5\httpclient5\5.2.1\httpclient5-5.2.1.jar;C:\Users\nreka\.m2\repository\org\apache\httpcomponents\core5\httpcore5\5.2\httpcore5-5.2.jar;C:\Users\nreka\.m2\repository\org\apache\httpcomponents\core5\httpcore5-h2\5.2\httpcore5-h2-5.2.jar;C:\Users\nreka\.m2\repository\org\seleniumhq\selenium\selenium-java\4.1.0\selenium-java-4.1.0.jar;C:\Users\nreka\.m2\repository\org\seleniumhq\selenium\selenium-api\4.1.0\selenium-api-4.1.0.jar;C:\Users\nreka\.m2\repository\org\seleniumhq\selenium\selenium-chrome-driver\4.1.0\selenium-chrome-driver-4.1.0.jar;C:\Users\nreka\.m2\repository\org\seleniumhq\selenium\selenium-devtools-v85\4.1.0\selenium-devtools-v85-4.1.0.jar;C:\Users\nreka\.m2\repository\org\seleniumhq\selenium\selenium-devtools-v94\4.1.0\selenium-devtools-v94-4.1.0.jar;C:\Users\nreka\.m2\repository\org\seleniumhq\selenium\selenium-devtools-v95\4.1.0\selenium-devtools-v95-4.1.0.jar;C:\Users\nreka\.m2\repository\org\seleniumhq\selenium\selenium-devtools-v96\4.1.0\selenium-devtools-v96-4.1.0.jar;C:\Users\nreka\.m2\repository\org\seleniumhq\selenium\selenium-firefox-xpi-driver\4.1.0\selenium-firefox-xpi-driver-4.1.0.jar;C:\Users\nreka\.m2\repository\org\seleniumhq\selenium\selenium-ie-driver\4.1.0\selenium-ie-driver-4.1.0.jar;C:\Users\nreka\.m2\repository\org\seleniumhq\selenium\selenium-opera-driver\4.1.0\selenium-opera-driver-4.1.0.jar;C:\Users\nreka\.m2\repository\org\seleniumhq\selenium\selenium-remote-driver\4.1.0\selenium-remote-driver-4.1.0.jar;C:\Users\nreka\.m2\repository\com\beust\jcommander\1.81\jcommander-1.81.jar;C:\Users\nreka\.m2\repository\io\netty\netty-buffer\4.1.69.Final\netty-buffer-4.1.69.Final.jar;C:\Users\nreka\.m2\repository\io\netty\netty-codec-http\4.1.69.Final\netty-codec-http-4.1.69.Final.jar;C:\Users\nreka\.m2\repository\io\netty\netty-codec\4.1.69.Final\netty-codec-4.1.69.Final.jar;C:\Users\nreka\.m2\repository\io\netty\netty-handler\4.1.69.Final\netty-handler-4.1.69.Final.jar;C:\Users\nreka\.m2\repository\io\netty\netty-common\4.1.69.Final\netty-common-4.1.69.Final.jar;C:\Users\nreka\.m2\repository\io\netty\netty-transport-native-epoll\4.1.69.Final\netty-transport-native-epoll-4.1.69.Final.jar;C:\Users\nreka\.m2\repository\io\netty\netty-transport-native-kqueue\4.1.69.Final\netty-transport-native-kqueue-4.1.69.Final.jar;C:\Users\nreka\.m2\repository\io\netty\netty-transport-native-unix-common\4.1.69.Final\netty-transport-native-unix-common-4.1.69.Final.jar;C:\Users\nreka\.m2\repository\io\netty\netty-transport\4.1.69.Final\netty-transport-4.1.69.Final.jar;C:\Users\nreka\.m2\repository\io\netty\netty-resolver\4.1.69.Final\netty-resolver-4.1.69.Final.jar;C:\Users\nreka\.m2\repository\io\opentelemetry\opentelemetry-api\1.9.0\opentelemetry-api-1.9.0.jar;C:\Users\nreka\.m2\repository\io\opentelemetry\opentelemetry-context\1.9.0\opentelemetry-context-1.9.0.jar;C:\Users\nreka\.m2\repository\io\opentelemetry\opentelemetry-exporter-logging\1.9.0\opentelemetry-exporter-logging-1.9.0.jar;C:\Users\nreka\.m2\repository\io\opentelemetry\opentelemetry-sdk-metrics\1.9.0-alpha\opentelemetry-sdk-metrics-1.9.0-alpha.jar;C:\Users\nreka\.m2\repository\io\opentelemetry\opentelemetry-sdk-logs\1.9.0-alpha\opentelemetry-sdk-logs-1.9.0-alpha.jar;C:\Users\nreka\.m2\repository\io\opentelemetry\opentelemetry-sdk-common\1.9.0\opentelemetry-sdk-common-1.9.0.jar;C:\Users\nreka\.m2\repository\io\opentelemetry\opentelemetry-sdk-extension-autoconfigure-spi\1.9.0\opentelemetry-sdk-extension-autoconfigure-spi-1.9.0.jar;C:\Users\nreka\.m2\repository\io\opentelemetry\opentelemetry-sdk-extension-autoconfigure\1.9.0-alpha\opentelemetry-sdk-extension-autoconfigure-1.9.0-alpha.jar;C:\Users\nreka\.m2\repository\io\opentelemetry\opentelemetry-sdk-trace\1.9.0\opentelemetry-sdk-trace-1.9.0.jar;C:\Users\nreka\.m2\repository\io\opentelemetry\opentelemetry-api-metrics\1.9.0-alpha\opentelemetry-api-metrics-1.9.0-alpha.jar;C:\Users\nreka\.m2\repository\io\opentelemetry\opentelemetry-sdk\1.9.0\opentelemetry-sdk-1.9.0.jar;C:\Users\nreka\.m2\repository\io\opentelemetry\opentelemetry-semconv\1.9.0-alpha\opentelemetry-semconv-1.9.0-alpha.jar;C:\Users\nreka\.m2\repository\io\ous\jtoml\2.0.0\jtoml-2.0.0.jar;C:\Users\nreka\.m2\repository\net\bytebuddy\byte-buddy\1.12.1\byte-buddy-1.12.1.jar;C:\Users\nreka\.m2\repository\org\apache\commons\commons-exec\1.3\commons-exec-1.3.jar;C:\Users\nreka\.m2\repository\org\asynchttpclient\async-http-client\2.12.3\async-http-client-2.12.3.jar;C:\Users\nreka\.m2\repository\org\asynchttpclient\async-http-client-netty-utils\2.12.3\async-http-client-netty-utils-2.12.3.jar;C:\Users\nreka\.m2\repository\io\netty\netty-codec-socks\4.1.60.Final\netty-codec-socks-4.1.60.Final.jar;C:\Users\nreka\.m2\repository\io\netty\netty-handler-proxy\4.1.60.Final\netty-handler-proxy-4.1.60.Final.jar;C:\Users\nreka\.m2\repository\io\netty\netty-transport-native-epoll\4.1.60.Final\netty-transport-native-epoll-4.1.60.Final-linux-x86_64.jar;C:\Users\nreka\.m2\repository\io\netty\netty-transport-native-kqueue\4.1.60.Final\netty-transport-native-kqueue-4.1.60.Final-osx-x86_64.jar;C:\Users\nreka\.m2\repository\com\typesafe\netty\netty-reactive-streams\2.0.4\netty-reactive-streams-2.0.4.jar;C:\Users\nreka\.m2\repository\com\sun\activation\jakarta.activation\1.2.2\jakarta.activation-1.2.2.jar;C:\Users\nreka\.m2\repository\org\seleniumhq\selenium\selenium-http\4.1.0\selenium-http-4.1.0.jar;C:\Users\nreka\.m2\repository\net\jodah\failsafe\2.4.4\failsafe-2.4.4.jar;C:\Users\nreka\.m2\repository\org\seleniumhq\selenium\selenium-safari-driver\4.1.0\selenium-safari-driver-4.1.0.jar;C:\Users\nreka\.m2\repository\org\seleniumhq\selenium\selenium-support\4.1.0\selenium-support-4.1.0.jar;C:\Users\nreka\.m2\repository\org\testng\testng\7.11.0\testng-7.11.0.jar;C:\Users\nreka\.m2\repository\org\jcommander\jcommander\1.83\jcommander-1.83.jar;C:\Users\nreka\.m2\repository\org\webjars\jquery\3.7.1\jquery-3.7.1.jar;C:\Users\nreka\.m2\repository\org\seleniumhq\selenium\selenium-devtools-v132\4.28.1\selenium-devtools-v132-4.28.1.jar;C:\Users\nreka\.m2\repository\com\google\auto\service\auto-service-annotations\1.1.1\auto-service-annotations-1.1.1.jar;C:\Users\nreka\.m2\repository\org\seleniumhq\selenium\selenium-json\4.28.1\selenium-json-4.28.1.jar;C:\Users\nreka\.m2\repository\junit\junit\4.13.2\junit-4.13.2.jar;C:\Users\nreka\.m2\repository\org\hamcrest\hamcrest-core\1.3\hamcrest-core-1.3.jar;C:\Users\nreka\.m2\repository\io\cucumber\cucumber-junit\7.21.1\cucumber-junit-7.21.1.jar;C:\Users\nreka\.m2\repository\org\apiguardian\apiguardian-api\1.1.2\apiguardian-api-1.1.2.jar;C:\Users\nreka\.m2\repository\io\cucumber\cucumber-core\7.21.1\cucumber-core-7.21.1.jar;C:\Users\nreka\.m2\repository\io\cucumber\cucumber-gherkin\7.21.1\cucumber-gherkin-7.21.1.jar;C:\Users\nreka\.m2\repository\io\cucumber\cucumber-gherkin-messages\7.21.1\cucumber-gherkin-messages-7.21.1.jar;C:\Users\nreka\.m2\repository\io\cucumber\gherkin\31.0.0\gherkin-31.0.0.jar;C:\Users\nreka\.m2\repository\io\cucumber\messages\27.2.0\messages-27.2.0.jar;C:\Users\nreka\.m2\repository\io\cucumber\testng-xml-formatter\0.3.1\testng-xml-formatter-0.3.1.jar;C:\Users\nreka\.m2\repository\io\cucumber\query\13.2.0\query-13.2.0.jar;C:\Users\nreka\.m2\repository\io\cucumber\tag-expressions\6.1.2\tag-expressions-6.1.2.jar;C:\Users\nreka\.m2\repository\io\cucumber\cucumber-expressions\18.0.1\cucumber-expressions-18.0.1.jar;C:\Users\nreka\.m2\repository\io\cucumber\datatable\7.21.1\datatable-7.21.1.jar;C:\Users\nreka\.m2\repository\io\cucumber\docstring\7.21.1\docstring-7.21.1.jar;C:\Users\nreka\.m2\repository\io\cucumber\html-formatter\21.9.0\html-formatter-21.9.0.jar;C:\Users\nreka\.m2\repository\io\cucumber\junit-xml-formatter\0.7.1\junit-xml-formatter-0.7.1.jar;C:\Users\nreka\.m2\repository\io\cucumber\ci-environment\10.0.1\ci-environment-10.0.1.jar;C:\Users\nreka\.m2\repository\io\cucumber\cucumber-picocontainer\6.10.0\cucumber-picocontainer-6.10.0.jar;C:\Users\nreka\.m2\repository\org\picocontainer\picocontainer\2.15\picocontainer-2.15.jar;C:\Users\nreka\.m2\repository\net\datafaker\datafaker\2.4.2\datafaker-2.4.2.jar;C:\Users\nreka\.m2\repository\com\github\curious-odd-man\rgxgen\2.0\rgxgen-2.0.jar;C:\Users\nreka\.m2\repository\com\googlecode\libphonenumber\libphonenumber\8.13.50\libphonenumber-8.13.50.jar;C:\Users\nreka\.m2\repository\org\apache\poi\poi-ooxml\5.2.2\poi-ooxml-5.2.2.jar;C:\Users\nreka\.m2\repository\org\apache\poi\poi-ooxml-lite\5.2.2\poi-ooxml-lite-5.2.2.jar;C:\Users\nreka\.m2\repository\org\apache\xmlbeans\xmlbeans\5.0.3\xmlbeans-5.0.3.jar;C:\Users\nreka\.m2\repository\com\github\virtuald\curvesapi\1.07\curvesapi-1.07.jar;C:\Users\nreka\.m2\repository\org\apache\commons\commons-collections4\4.4\commons-collections4-4.4.jar;C:\Users\nreka\.m2\repository\org\apache\poi\poi\5.2.2\poi-5.2.2.jar;C:\Users\nreka\.m2\repository\commons-codec\commons-codec\1.15\commons-codec-1.15.jar;C:\Users\nreka\.m2\repository\org\apache\commons\commons-math3\3.6.1\commons-math3-3.6.1.jar;C:\Users\nreka\.m2\repository\com\zaxxer\SparseBitSet\1.2\SparseBitSet-1.2.jar;C:\Users\nreka\.m2\repository\org\seleniumhq\selenium\selenium-edge-driver\4.1.0\selenium-edge-driver-4.1.0.jar;C:\Users\nreka\.m2\repository\com\google\auto\service\auto-service\1.0.1\auto-service-1.0.1.jar;C:\Users\nreka\.m2\repository\com\google\auto\auto-common\1.2\auto-common-1.2.jar;C:\Users\nreka\.m2\repository\com\google\guava\guava\31.0.1-jre\guava-31.0.1-jre.jar;C:\Users\nreka\.m2\repository\com\google\guava\failureaccess\1.0.1\failureaccess-1.0.1.jar;C:\Users\nreka\.m2\repository\com\google\guava\listenablefuture\9999.0-empty-to-avoid-conflict-with-guava\listenablefuture-9999.0-empty-to-avoid-conflict-with-guava.jar;C:\Users\nreka\.m2\repository\com\google\code\findbugs\jsr305\3.0.2\jsr305-3.0.2.jar;C:\Users\nreka\.m2\repository\org\checkerframework\checker-qual\3.12.0\checker-qual-3.12.0.jar;C:\Users\nreka\.m2\repository\com\google\errorprone\error_prone_annotations\2.7.1\error_prone_annotations-2.7.1.jar;C:\Users\nreka\.m2\repository\com\google\j2objc\j2objc-annotations\1.3\j2objc-annotations-1.3.jar;C:\Users\nreka\.m2\repository\org\seleniumhq\selenium\selenium-chromium-driver\4.1.0\selenium-chromium-driver-4.1.0.jar;C:\Users\nreka\.m2\repository\org\seleniumhq\selenium\selenium-firefox-driver\4.1.0\selenium-firefox-driver-4.1.0.jar;C:\Users\nreka\.m2\repository\commons-io\commons-io\2.11.0\commons-io-2.11.0.jar;C:\Users\nreka\.m2\repository\io\cucumber\cucumber-java\7.14.0\cucumber-java-7.14.0.jar;C:\Users\nreka\.m2\repository\io\cucumber\cucumber-testng\7.14.0\cucumber-testng-7.14.0.jar;C:\Users\nreka\.m2\repository\org\apache\commons\commons-lang3\3.12.0\commons-lang3-3.12.0.jar;C:\Users\nreka\.m2\repository\com\aventstack\extentreports\5.1.2\extentreports-5.1.2.jar;C:\Users\nreka\.m2\repository\io\reactivex\rxjava3\rxjava\3.1.6\rxjava-3.1.6.jar;C:\Users\nreka\.m2\repository\org\reactivestreams\reactive-streams\1.0.4\reactive-streams-1.0.4.jar;C:\Users\nreka\.m2\repository\tech\grasshopper\extentreports-cucumber7-adapter\1.14.0\extentreports-cucumber7-adapter-1.14.0.jar;C:\Users\nreka\.m2\repository\tech\grasshopper\extent-pdf-report\2.12.0\extent-pdf-report-2.12.0.jar;C:\Users\nreka\.m2\repository\tech\grasshopper\rest-assured-cucumber-pdf-report\1.5.0\rest-assured-cucumber-pdf-report-1.5.0.jar;C:\Users\nreka\.m2\repository\com\aventstack\klov-reporter\5.1.0\klov-reporter-5.1.0.jar;C:\Users\nreka\.m2\repository\org\mongodb\mongodb-driver\3.6.4\mongodb-driver-3.6.4.jar;C:\Users\nreka\.m2\repository\org\mongodb\mongodb-driver-core\3.6.4\mongodb-driver-core-3.6.4.jar;C:\Users\nreka\.m2\repository\org\mongodb\bson\3.6.4\bson-3.6.4.jar;C:\Users\nreka\.m2\repository\org\apache\httpcomponents\httpclient\4.5.13\httpclient-4.5.13.jar;C:\Users\nreka\.m2\repository\org\apache\httpcomponents\httpcore\4.4.13\httpcore-4.4.13.jar;C:\Users\nreka\.m2\repository\org\apache\httpcomponents\httpmime\4.5.13\httpmime-4.5.13.jar;C:\Users\nreka\.m2\repository\tech\grasshopper\htmlextentreporter\1.1.0\htmlextentreporter-1.1.0.jar;C:\Users\nreka\.m2\repository\tech\grasshopper\extent-excel-report\1.4.0\extent-excel-report-1.4.0.jar;C:\Users\nreka\.m2\repository\org\apache\pdfbox\pdfbox\2.0.27\pdfbox-2.0.27.jar;C:\Users\nreka\.m2\repository\org\apache\pdfbox\fontbox\2.0.27\fontbox-2.0.27.jar;C:\Users\nreka\.m2\repository\commons-logging\commons-logging\1.2\commons-logging-1.2.jar;C:\Users\nreka\.m2\repository\org\projectlombok\lombok\1.18.22\lombok-1.18.22.jar;C:\Users\nreka\.m2\repository\org\apache\logging\log4j\log4j-api\2.20.0\log4j-api-2.20.0.jar;C:\Users\nreka\.m2\repository\log4j\log4j\1.2.17\log4j-1.2.17.jar;C:\Users\nreka\.m2\repository\org\apache\logging\log4j\log4j-core\2.20.0\log4j-core-2.20.0.jar;C:\Users\nreka\.m2\repository\org\apache\logging\log4j\log4j-slf4j-impl\2.20.0\log4j-slf4j-impl-2.20.0.jar;C:\Users\nreka\.m2\repository\com\aventstack\chaintest-cucumber-jvm\1.0.6\chaintest-cucumber-jvm-1.0.6.jar;C:\Users\nreka\.m2\repository\io\cucumber\cucumber-plugin\7.11.1\cucumber-plugin-7.11.1.jar;C:\Users\nreka\.m2\repository\com\aventstack\chaintest-core\1.0.6\chaintest-core-1.0.6.jar;C:\Users\nreka\.m2\repository\com\fasterxml\jackson\core\jackson-databind\2.18.0\jackson-databind-2.18.0.jar;C:\Users\nreka\.m2\repository\com\fasterxml\jackson\core\jackson-annotations\2.18.0\jackson-annotations-2.18.0.jar;C:\Users\nreka\.m2\repository\com\fasterxml\jackson\core\jackson-core\2.18.0\jackson-core-2.18.0.jar;C:\Users\nreka\.m2\repository\com\azure\azure-storage-blob\12.28.0\azure-storage-blob-12.28.0.jar;C:\Users\nreka\.m2\repository\com\azure\azure-core\1.52.0\azure-core-1.52.0.jar;C:\Users\nreka\.m2\repository\com\fasterxml\jackson\datatype\jackson-datatype-jsr310\2.17.2\jackson-datatype-jsr310-2.17.2.jar;C:\Users\nreka\.m2\repository\io\projectreactor\reactor-core\3.4.38\reactor-core-3.4.38.jar;C:\Users\nreka\.m2\repository\com\azure\azure-core-http-netty\1.15.4\azure-core-http-netty-1.15.4.jar;C:\Users\nreka\.m2\repository\io\netty\netty-codec-http2\4.1.110.Final\netty-codec-http2-4.1.110.Final.jar;C:\Users\nreka\.m2\repository\io\netty\netty-tcnative-boringssl-static\2.0.65.Final\netty-tcnative-boringssl-static-2.0.65.Final.jar;C:\Users\nreka\.m2\repository\io\netty\netty-tcnative-classes\2.0.65.Final\netty-tcnative-classes-2.0.65.Final.jar;C:\Users\nreka\.m2\repository\io\netty\netty-tcnative-boringssl-static\2.0.65.Final\netty-tcnative-boringssl-static-2.0.65.Final-linux-x86_64.jar;C:\Users\nreka\.m2\repository\io\netty\netty-tcnative-boringssl-static\2.0.65.Final\netty-tcnative-boringssl-static-2.0.65.Final-linux-aarch_64.jar;C:\Users\nreka\.m2\repository\io\netty\netty-tcnative-boringssl-static\2.0.65.Final\netty-tcnative-boringssl-static-2.0.65.Final-osx-x86_64.jar;C:\Users\nreka\.m2\repository\io\netty\netty-tcnative-boringssl-static\2.0.65.Final\netty-tcnative-boringssl-static-2.0.65.Final-osx-aarch_64.jar;C:\Users\nreka\.m2\repository\io\netty\netty-tcnative-boringssl-static\2.0.65.Final\netty-tcnative-boringssl-static-2.0.65.Final-windows-x86_64.jar;C:\Users\nreka\.m2\repository\io\projectreactor\netty\reactor-netty-http\1.0.45\reactor-netty-http-1.0.45.jar;C:\Users\nreka\.m2\repository\io\netty\netty-resolver-dns\4.1.109.Final\netty-resolver-dns-4.1.109.Final.jar;C:\Users\nreka\.m2\repository\io\netty\netty-codec-dns\4.1.109.Final\netty-codec-dns-4.1.109.Final.jar;C:\Users\nreka\.m2\repository\io\netty\netty-resolver-dns-native-macos\4.1.109.Final\netty-resolver-dns-native-macos-4.1.109.Final-osx-x86_64.jar;C:\Users\nreka\.m2\repository\io\netty\netty-resolver-dns-classes-macos\4.1.109.Final\netty-resolver-dns-classes-macos-4.1.109.Final.jar;C:\Users\nreka\.m2\repository\io\projectreactor\netty\reactor-netty-core\1.0.45\reactor-netty-core-1.0.45.jar;C:\Users\nreka\.m2\repository\com\azure\azure-storage-internal-avro\12.13.0\azure-storage-internal-avro-12.13.0.jar;C:\Users\nreka\.m2\repository\com\azure\azure-xml\1.1.0\azure-xml-1.1.0.jar;C:\Users\nreka\.m2\repository\com\azure\azure-storage-common\12.28.0\azure-storage-common-12.28.0.jar;C:\Users\nreka\.m2\repository\com\azure\azure-identity\1.13.3\azure-identity-1.13.3.jar;C:\Users\nreka\.m2\repository\com\azure\azure-json\1.3.0\azure-json-1.3.0.jar;C:\Users\nreka\.m2\repository\com\microsoft\azure\msal4j\1.17.1\msal4j-1.17.1.jar;C:\Users\nreka\.m2\repository\com\nimbusds\oauth2-oidc-sdk\11.18\oauth2-oidc-sdk-11.18.jar;C:\Users\nreka\.m2\repository\com\github\stephenc\jcip\jcip-annotations\1.0-1\jcip-annotations-1.0-1.jar;C:\Users\nreka\.m2\repository\com\nimbusds\content-type\2.3\content-type-2.3.jar;C:\Users\nreka\.m2\repository\com\nimbusds\lang-tag\1.7\lang-tag-1.7.jar;C:\Users\nreka\.m2\repository\com\nimbusds\nimbus-jose-jwt\9.40\nimbus-jose-jwt-9.40.jar;C:\Users\nreka\.m2\repository\net\minidev\json-smart\2.5.0\json-smart-2.5.0.jar;C:\Users\nreka\.m2\repository\net\minidev\accessors-smart\2.5.0\accessors-smart-2.5.0.jar;C:\Users\nreka\.m2\repository\org\ow2\asm\asm\9.3\asm-9.3.jar;C:\Users\nreka\.m2\repository\com\microsoft\azure\msal4j-persistence-extension\1.3.0\msal4j-persistence-extension-1.3.0.jar;C:\Users\nreka\.m2\repository\net\java\dev\jna\jna-platform\5.6.0\jna-platform-5.6.0.jar;C:\Users\nreka\.m2\repository\software\amazon\awssdk\s3\2.29.39\s3-2.29.39.jar;C:\Users\nreka\.m2\repository\software\amazon\awssdk\aws-xml-protocol\2.29.39\aws-xml-protocol-2.29.39.jar;C:\Users\nreka\.m2\repository\software\amazon\awssdk\aws-query-protocol\2.29.39\aws-query-protocol-2.29.39.jar;C:\Users\nreka\.m2\repository\software\amazon\awssdk\protocol-core\2.29.39\protocol-core-2.29.39.jar;C:\Users\nreka\.m2\repository\software\amazon\awssdk\arns\2.29.39\arns-2.29.39.jar;C:\Users\nreka\.m2\repository\software\amazon\awssdk\profiles\2.29.39\profiles-2.29.39.jar;C:\Users\nreka\.m2\repository\software\amazon\awssdk\crt-core\2.29.39\crt-core-2.29.39.jar;C:\Users\nreka\.m2\repository\software\amazon\awssdk\http-auth\2.29.39\http-auth-2.29.39.jar;C:\Users\nreka\.m2\repository\software\amazon\awssdk\identity-spi\2.29.39\identity-spi-2.29.39.jar;C:\Users\nreka\.m2\repository\software\amazon\awssdk\http-auth-spi\2.29.39\http-auth-spi-2.29.39.jar;C:\Users\nreka\.m2\repository\software\amazon\awssdk\http-auth-aws\2.29.39\http-auth-aws-2.29.39.jar;C:\Users\nreka\.m2\repository\software\amazon\awssdk\checksums\2.29.39\checksums-2.29.39.jar;C:\Users\nreka\.m2\repository\software\amazon\awssdk\checksums-spi\2.29.39\checksums-spi-2.29.39.jar;C:\Users\nreka\.m2\repository\software\amazon\awssdk\retries-spi\2.29.39\retries-spi-2.29.39.jar;C:\Users\nreka\.m2\repository\software\amazon\awssdk\sdk-core\2.29.39\sdk-core-2.29.39.jar;C:\Users\nreka\.m2\repository\software\amazon\awssdk\retries\2.29.39\retries-2.29.39.jar;C:\Users\nreka\.m2\repository\software\amazon\awssdk\auth\2.29.39\auth-2.29.39.jar;C:\Users\nreka\.m2\repository\software\amazon\awssdk\http-auth-aws-eventstream\2.29.39\http-auth-aws-eventstream-2.29.39.jar;C:\Users\nreka\.m2\repository\software\amazon\eventstream\eventstream\1.0.1\eventstream-1.0.1.jar;C:\Users\nreka\.m2\repository\software\amazon\awssdk\http-client-spi\2.29.39\http-client-spi-2.29.39.jar;C:\Users\nreka\.m2\repository\software\amazon\awssdk\regions\2.29.39\regions-2.29.39.jar;C:\Users\nreka\.m2\repository\software\amazon\awssdk\annotations\2.29.39\annotations-2.29.39.jar;C:\Users\nreka\.m2\repository\software\amazon\awssdk\utils\2.29.39\utils-2.29.39.jar;C:\Users\nreka\.m2\repository\software\amazon\awssdk\aws-core\2.29.39\aws-core-2.29.39.jar;C:\Users\nreka\.m2\repository\software\amazon\awssdk\metrics-spi\2.29.39\metrics-spi-2.29.39.jar;C:\Users\nreka\.m2\repository\software\amazon\awssdk\json-utils\2.29.39\json-utils-2.29.39.jar;C:\Users\nreka\.m2\repository\software\amazon\awssdk\third-party-jackson-core\2.29.39\third-party-jackson-core-2.29.39.jar;C:\Users\nreka\.m2\repository\software\amazon\awssdk\endpoints-spi\2.29.39\endpoints-spi-2.29.39.jar;C:\Users\nreka\.m2\repository\software\amazon\awssdk\netty-nio-client\2.29.39\netty-nio-client-2.29.39.jar;C:\Users\nreka\.m2\repository\io\netty\netty-transport-classes-epoll\4.1.115.Final\netty-transport-classes-epoll-4.1.115.Final.jar;C:\Users\nreka\.m2\repository\software\amazon\awssdk\apache-client\2.29.39\apache-client-2.29.39.jar;C:\Users\nreka\.m2\repository\ch\qos\logback\logback-classic\1.5.9\logback-classic-1.5.9.jar;C:\Users\nreka\.m2\repository\ch\qos\logback\logback-core\1.5.9\logback-core-1.5.9.jar;C:\Users\nreka\.m2\repository\com\google\code\gson\gson\2.10.1\gson-2.10.1.jar;C:\Users\nreka\.m2\repository\org\yaml\snakeyaml\1.33\snakeyaml-1.33.jar;C:\Users\nreka\.m2\repository\tech\grasshopper\cucumber-pdf-report\2.14.0\cucumber-pdf-report-2.14.0.jar;C:\Users\nreka\.m2\repository\org\knowm\xchart\xchart\3.8.0\xchart-3.8.0.jar;C:\Users\nreka\.m2\repository\de\erichseifert\vectorgraphics2d\VectorGraphics2D\0.13\VectorGraphics2D-0.13.jar;C:\Users\nreka\.m2\repository\de\rototor\pdfbox\graphics2d\0.30\graphics2d-0.30.jar;C:\Users\nreka\.m2\repository\com\madgag\animated-gif-lib\1.4\animated-gif-lib-1.4.jar;C:\Users\nreka\.m2\repository\tech\grasshopper\table-layout\1.5.1\table-layout-1.5.1.jar;C:\Users\nreka\.m2\repository\org\jsoup\jsoup\1.15.3\jsoup-1.15.3.jar;C:\Users\nreka\.m2\repository\org\freemarker\freemarker\2.3.34\freemarker-2.3.34.jar;C:\Users\nreka\.m2\repository\io\qameta\allure\allure-cucumber-jvm\2.20.1\allure-cucumber-jvm-2.20.1.jar;C:\Users\nreka\.m2\repository\io\qameta\allure\allure-java-commons\2.20.1\allure-java-commons-2.20.1.jar;C:\Users\nreka\.m2\repository\io\qameta\allure\allure-model\2.20.1\allure-model-2.20.1.jar;C:\Users\nreka\.m2\repository\info\cukes\gherkin\2.12.2\gherkin-2.12.2.jar;C:\Users\nreka\.m2\repository\io\qameta\allure\allure-testng\2.21.0\allure-testng-2.21.0.jar;C:\Users\nreka\.m2\repository\io\qameta\allure\allure-test-filter\2.21.0\allure-test-filter-2.21.0.jar;"/>
    <property name="java.vm.vendor" value="Oracle Corporation"/>
    <property name="sun.arch.data.model" value="64"/>
    <property name="user.variant" value=""/>
    <property name="java.vendor.url" value="https://java.oracle.com/"/>
    <property name="user.timezone" value="America/Chicago"/>
    <property name="os.name" value="Windows 11"/>
    <property name="java.vm.specification.version" value="17"/>
    <property name="sun.java.launcher" value="SUN_STANDARD"/>
    <property name="user.country" value="US"/>
    <property name="sun.boot.library.path" value="C:\Program Files\Java\jdk-17\bin"/>
    <property name="sun.java.command" value="C:\Users\nreka\AppData\Local\Temp\surefire18205688034483695022\surefirebooter9372135326910056244.jar C:\Users\nreka\AppData\Local\Temp\surefire18205688034483695022 2025-03-24T15-57-29_367-jvmRun1 surefire151642122303128372tmp surefire_017964288475366590576tmp"/>
    <property name="jdk.debug" value="release"/>
    <property name="surefire.test.class.path" value="C:\Users\nreka\vscodedevops\parabank\target\test-classes;C:\Users\nreka\vscodedevops\parabank\target\classes;C:\Users\nreka\.m2\repository\io\github\bonigarcia\webdrivermanager\5.8.0\webdrivermanager-5.8.0.jar;C:\Users\nreka\.m2\repository\org\slf4j\slf4j-api\2.0.12\slf4j-api-2.0.12.jar;C:\Users\nreka\.m2\repository\com\github\docker-java\docker-java\3.3.6\docker-java-3.3.6.jar;C:\Users\nreka\.m2\repository\com\github\docker-java\docker-java-core\3.3.6\docker-java-core-3.3.6.jar;C:\Users\nreka\.m2\repository\com\github\docker-java\docker-java-api\3.3.6\docker-java-api-3.3.6.jar;C:\Users\nreka\.m2\repository\org\bouncycastle\bcpkix-jdk18on\1.76\bcpkix-jdk18on-1.76.jar;C:\Users\nreka\.m2\repository\org\bouncycastle\bcprov-jdk18on\1.76\bcprov-jdk18on-1.76.jar;C:\Users\nreka\.m2\repository\org\bouncycastle\bcutil-jdk18on\1.76\bcutil-jdk18on-1.76.jar;C:\Users\nreka\.m2\repository\org\slf4j\jcl-over-slf4j\1.7.30\jcl-over-slf4j-1.7.30.jar;C:\Users\nreka\.m2\repository\com\github\docker-java\docker-java-transport-httpclient5\3.3.6\docker-java-transport-httpclient5-3.3.6.jar;C:\Users\nreka\.m2\repository\com\github\docker-java\docker-java-transport\3.3.6\docker-java-transport-3.3.6.jar;C:\Users\nreka\.m2\repository\net\java\dev\jna\jna\5.13.0\jna-5.13.0.jar;C:\Users\nreka\.m2\repository\org\brotli\dec\0.1.2\dec-0.1.2.jar;C:\Users\nreka\.m2\repository\org\apache\commons\commons-compress\1.26.1\commons-compress-1.26.1.jar;C:\Users\nreka\.m2\repository\org\apache\httpcomponents\client5\httpclient5\5.2.1\httpclient5-5.2.1.jar;C:\Users\nreka\.m2\repository\org\apache\httpcomponents\core5\httpcore5\5.2\httpcore5-5.2.jar;C:\Users\nreka\.m2\repository\org\apache\httpcomponents\core5\httpcore5-h2\5.2\httpcore5-h2-5.2.jar;C:\Users\nreka\.m2\repository\org\seleniumhq\selenium\selenium-java\4.1.0\selenium-java-4.1.0.jar;C:\Users\nreka\.m2\repository\org\seleniumhq\selenium\selenium-api\4.1.0\selenium-api-4.1.0.jar;C:\Users\nreka\.m2\repository\org\seleniumhq\selenium\selenium-chrome-driver\4.1.0\selenium-chrome-driver-4.1.0.jar;C:\Users\nreka\.m2\repository\org\seleniumhq\selenium\selenium-devtools-v85\4.1.0\selenium-devtools-v85-4.1.0.jar;C:\Users\nreka\.m2\repository\org\seleniumhq\selenium\selenium-devtools-v94\4.1.0\selenium-devtools-v94-4.1.0.jar;C:\Users\nreka\.m2\repository\org\seleniumhq\selenium\selenium-devtools-v95\4.1.0\selenium-devtools-v95-4.1.0.jar;C:\Users\nreka\.m2\repository\org\seleniumhq\selenium\selenium-devtools-v96\4.1.0\selenium-devtools-v96-4.1.0.jar;C:\Users\nreka\.m2\repository\org\seleniumhq\selenium\selenium-firefox-xpi-driver\4.1.0\selenium-firefox-xpi-driver-4.1.0.jar;C:\Users\nreka\.m2\repository\org\seleniumhq\selenium\selenium-ie-driver\4.1.0\selenium-ie-driver-4.1.0.jar;C:\Users\nreka\.m2\repository\org\seleniumhq\selenium\selenium-opera-driver\4.1.0\selenium-opera-driver-4.1.0.jar;C:\Users\nreka\.m2\repository\org\seleniumhq\selenium\selenium-remote-driver\4.1.0\selenium-remote-driver-4.1.0.jar;C:\Users\nreka\.m2\repository\com\beust\jcommander\1.81\jcommander-1.81.jar;C:\Users\nreka\.m2\repository\io\netty\netty-buffer\4.1.69.Final\netty-buffer-4.1.69.Final.jar;C:\Users\nreka\.m2\repository\io\netty\netty-codec-http\4.1.69.Final\netty-codec-http-4.1.69.Final.jar;C:\Users\nreka\.m2\repository\io\netty\netty-codec\4.1.69.Final\netty-codec-4.1.69.Final.jar;C:\Users\nreka\.m2\repository\io\netty\netty-handler\4.1.69.Final\netty-handler-4.1.69.Final.jar;C:\Users\nreka\.m2\repository\io\netty\netty-common\4.1.69.Final\netty-common-4.1.69.Final.jar;C:\Users\nreka\.m2\repository\io\netty\netty-transport-native-epoll\4.1.69.Final\netty-transport-native-epoll-4.1.69.Final.jar;C:\Users\nreka\.m2\repository\io\netty\netty-transport-native-kqueue\4.1.69.Final\netty-transport-native-kqueue-4.1.69.Final.jar;C:\Users\nreka\.m2\repository\io\netty\netty-transport-native-unix-common\4.1.69.Final\netty-transport-native-unix-common-4.1.69.Final.jar;C:\Users\nreka\.m2\repository\io\netty\netty-transport\4.1.69.Final\netty-transport-4.1.69.Final.jar;C:\Users\nreka\.m2\repository\io\netty\netty-resolver\4.1.69.Final\netty-resolver-4.1.69.Final.jar;C:\Users\nreka\.m2\repository\io\opentelemetry\opentelemetry-api\1.9.0\opentelemetry-api-1.9.0.jar;C:\Users\nreka\.m2\repository\io\opentelemetry\opentelemetry-context\1.9.0\opentelemetry-context-1.9.0.jar;C:\Users\nreka\.m2\repository\io\opentelemetry\opentelemetry-exporter-logging\1.9.0\opentelemetry-exporter-logging-1.9.0.jar;C:\Users\nreka\.m2\repository\io\opentelemetry\opentelemetry-sdk-metrics\1.9.0-alpha\opentelemetry-sdk-metrics-1.9.0-alpha.jar;C:\Users\nreka\.m2\repository\io\opentelemetry\opentelemetry-sdk-logs\1.9.0-alpha\opentelemetry-sdk-logs-1.9.0-alpha.jar;C:\Users\nreka\.m2\repository\io\opentelemetry\opentelemetry-sdk-common\1.9.0\opentelemetry-sdk-common-1.9.0.jar;C:\Users\nreka\.m2\repository\io\opentelemetry\opentelemetry-sdk-extension-autoconfigure-spi\1.9.0\opentelemetry-sdk-extension-autoconfigure-spi-1.9.0.jar;C:\Users\nreka\.m2\repository\io\opentelemetry\opentelemetry-sdk-extension-autoconfigure\1.9.0-alpha\opentelemetry-sdk-extension-autoconfigure-1.9.0-alpha.jar;C:\Users\nreka\.m2\repository\io\opentelemetry\opentelemetry-sdk-trace\1.9.0\opentelemetry-sdk-trace-1.9.0.jar;C:\Users\nreka\.m2\repository\io\opentelemetry\opentelemetry-api-metrics\1.9.0-alpha\opentelemetry-api-metrics-1.9.0-alpha.jar;C:\Users\nreka\.m2\repository\io\opentelemetry\opentelemetry-sdk\1.9.0\opentelemetry-sdk-1.9.0.jar;C:\Users\nreka\.m2\repository\io\opentelemetry\opentelemetry-semconv\1.9.0-alpha\opentelemetry-semconv-1.9.0-alpha.jar;C:\Users\nreka\.m2\repository\io\ous\jtoml\2.0.0\jtoml-2.0.0.jar;C:\Users\nreka\.m2\repository\net\bytebuddy\byte-buddy\1.12.1\byte-buddy-1.12.1.jar;C:\Users\nreka\.m2\repository\org\apache\commons\commons-exec\1.3\commons-exec-1.3.jar;C:\Users\nreka\.m2\repository\org\asynchttpclient\async-http-client\2.12.3\async-http-client-2.12.3.jar;C:\Users\nreka\.m2\repository\org\asynchttpclient\async-http-client-netty-utils\2.12.3\async-http-client-netty-utils-2.12.3.jar;C:\Users\nreka\.m2\repository\io\netty\netty-codec-socks\4.1.60.Final\netty-codec-socks-4.1.60.Final.jar;C:\Users\nreka\.m2\repository\io\netty\netty-handler-proxy\4.1.60.Final\netty-handler-proxy-4.1.60.Final.jar;C:\Users\nreka\.m2\repository\io\netty\netty-transport-native-epoll\4.1.60.Final\netty-transport-native-epoll-4.1.60.Final-linux-x86_64.jar;C:\Users\nreka\.m2\repository\io\netty\netty-transport-native-kqueue\4.1.60.Final\netty-transport-native-kqueue-4.1.60.Final-osx-x86_64.jar;C:\Users\nreka\.m2\repository\com\typesafe\netty\netty-reactive-streams\2.0.4\netty-reactive-streams-2.0.4.jar;C:\Users\nreka\.m2\repository\com\sun\activation\jakarta.activation\1.2.2\jakarta.activation-1.2.2.jar;C:\Users\nreka\.m2\repository\org\seleniumhq\selenium\selenium-http\4.1.0\selenium-http-4.1.0.jar;C:\Users\nreka\.m2\repository\net\jodah\failsafe\2.4.4\failsafe-2.4.4.jar;C:\Users\nreka\.m2\repository\org\seleniumhq\selenium\selenium-safari-driver\4.1.0\selenium-safari-driver-4.1.0.jar;C:\Users\nreka\.m2\repository\org\seleniumhq\selenium\selenium-support\4.1.0\selenium-support-4.1.0.jar;C:\Users\nreka\.m2\repository\org\testng\testng\7.11.0\testng-7.11.0.jar;C:\Users\nreka\.m2\repository\org\jcommander\jcommander\1.83\jcommander-1.83.jar;C:\Users\nreka\.m2\repository\org\webjars\jquery\3.7.1\jquery-3.7.1.jar;C:\Users\nreka\.m2\repository\org\seleniumhq\selenium\selenium-devtools-v132\4.28.1\selenium-devtools-v132-4.28.1.jar;C:\Users\nreka\.m2\repository\com\google\auto\service\auto-service-annotations\1.1.1\auto-service-annotations-1.1.1.jar;C:\Users\nreka\.m2\repository\org\seleniumhq\selenium\selenium-json\4.28.1\selenium-json-4.28.1.jar;C:\Users\nreka\.m2\repository\junit\junit\4.13.2\junit-4.13.2.jar;C:\Users\nreka\.m2\repository\org\hamcrest\hamcrest-core\1.3\hamcrest-core-1.3.jar;C:\Users\nreka\.m2\repository\io\cucumber\cucumber-junit\7.21.1\cucumber-junit-7.21.1.jar;C:\Users\nreka\.m2\repository\org\apiguardian\apiguardian-api\1.1.2\apiguardian-api-1.1.2.jar;C:\Users\nreka\.m2\repository\io\cucumber\cucumber-core\7.21.1\cucumber-core-7.21.1.jar;C:\Users\nreka\.m2\repository\io\cucumber\cucumber-gherkin\7.21.1\cucumber-gherkin-7.21.1.jar;C:\Users\nreka\.m2\repository\io\cucumber\cucumber-gherkin-messages\7.21.1\cucumber-gherkin-messages-7.21.1.jar;C:\Users\nreka\.m2\repository\io\cucumber\gherkin\31.0.0\gherkin-31.0.0.jar;C:\Users\nreka\.m2\repository\io\cucumber\messages\27.2.0\messages-27.2.0.jar;C:\Users\nreka\.m2\repository\io\cucumber\testng-xml-formatter\0.3.1\testng-xml-formatter-0.3.1.jar;C:\Users\nreka\.m2\repository\io\cucumber\query\13.2.0\query-13.2.0.jar;C:\Users\nreka\.m2\repository\io\cucumber\tag-expressions\6.1.2\tag-expressions-6.1.2.jar;C:\Users\nreka\.m2\repository\io\cucumber\cucumber-expressions\18.0.1\cucumber-expressions-18.0.1.jar;C:\Users\nreka\.m2\repository\io\cucumber\datatable\7.21.1\datatable-7.21.1.jar;C:\Users\nreka\.m2\repository\io\cucumber\docstring\7.21.1\docstring-7.21.1.jar;C:\Users\nreka\.m2\repository\io\cucumber\html-formatter\21.9.0\html-formatter-21.9.0.jar;C:\Users\nreka\.m2\repository\io\cucumber\junit-xml-formatter\0.7.1\junit-xml-formatter-0.7.1.jar;C:\Users\nreka\.m2\repository\io\cucumber\ci-environment\10.0.1\ci-environment-10.0.1.jar;C:\Users\nreka\.m2\repository\io\cucumber\cucumber-picocontainer\6.10.0\cucumber-picocontainer-6.10.0.jar;C:\Users\nreka\.m2\repository\org\picocontainer\picocontainer\2.15\picocontainer-2.15.jar;C:\Users\nreka\.m2\repository\net\datafaker\datafaker\2.4.2\datafaker-2.4.2.jar;C:\Users\nreka\.m2\repository\com\github\curious-odd-man\rgxgen\2.0\rgxgen-2.0.jar;C:\Users\nreka\.m2\repository\com\googlecode\libphonenumber\libphonenumber\8.13.50\libphonenumber-8.13.50.jar;C:\Users\nreka\.m2\repository\org\apache\poi\poi-ooxml\5.2.2\poi-ooxml-5.2.2.jar;C:\Users\nreka\.m2\repository\org\apache\poi\poi-ooxml-lite\5.2.2\poi-ooxml-lite-5.2.2.jar;C:\Users\nreka\.m2\repository\org\apache\xmlbeans\xmlbeans\5.0.3\xmlbeans-5.0.3.jar;C:\Users\nreka\.m2\repository\com\github\virtuald\curvesapi\1.07\curvesapi-1.07.jar;C:\Users\nreka\.m2\repository\org\apache\commons\commons-collections4\4.4\commons-collections4-4.4.jar;C:\Users\nreka\.m2\repository\org\apache\poi\poi\5.2.2\poi-5.2.2.jar;C:\Users\nreka\.m2\repository\commons-codec\commons-codec\1.15\commons-codec-1.15.jar;C:\Users\nreka\.m2\repository\org\apache\commons\commons-math3\3.6.1\commons-math3-3.6.1.jar;C:\Users\nreka\.m2\repository\com\zaxxer\SparseBitSet\1.2\SparseBitSet-1.2.jar;C:\Users\nreka\.m2\repository\org\seleniumhq\selenium\selenium-edge-driver\4.1.0\selenium-edge-driver-4.1.0.jar;C:\Users\nreka\.m2\repository\com\google\auto\service\auto-service\1.0.1\auto-service-1.0.1.jar;C:\Users\nreka\.m2\repository\com\google\auto\auto-common\1.2\auto-common-1.2.jar;C:\Users\nreka\.m2\repository\com\google\guava\guava\31.0.1-jre\guava-31.0.1-jre.jar;C:\Users\nreka\.m2\repository\com\google\guava\failureaccess\1.0.1\failureaccess-1.0.1.jar;C:\Users\nreka\.m2\repository\com\google\guava\listenablefuture\9999.0-empty-to-avoid-conflict-with-guava\listenablefuture-9999.0-empty-to-avoid-conflict-with-guava.jar;C:\Users\nreka\.m2\repository\com\google\code\findbugs\jsr305\3.0.2\jsr305-3.0.2.jar;C:\Users\nreka\.m2\repository\org\checkerframework\checker-qual\3.12.0\checker-qual-3.12.0.jar;C:\Users\nreka\.m2\repository\com\google\errorprone\error_prone_annotations\2.7.1\error_prone_annotations-2.7.1.jar;C:\Users\nreka\.m2\repository\com\google\j2objc\j2objc-annotations\1.3\j2objc-annotations-1.3.jar;C:\Users\nreka\.m2\repository\org\seleniumhq\selenium\selenium-chromium-driver\4.1.0\selenium-chromium-driver-4.1.0.jar;C:\Users\nreka\.m2\repository\org\seleniumhq\selenium\selenium-firefox-driver\4.1.0\selenium-firefox-driver-4.1.0.jar;C:\Users\nreka\.m2\repository\commons-io\commons-io\2.11.0\commons-io-2.11.0.jar;C:\Users\nreka\.m2\repository\io\cucumber\cucumber-java\7.14.0\cucumber-java-7.14.0.jar;C:\Users\nreka\.m2\repository\io\cucumber\cucumber-testng\7.14.0\cucumber-testng-7.14.0.jar;C:\Users\nreka\.m2\repository\org\apache\commons\commons-lang3\3.12.0\commons-lang3-3.12.0.jar;C:\Users\nreka\.m2\repository\com\aventstack\extentreports\5.1.2\extentreports-5.1.2.jar;C:\Users\nreka\.m2\repository\io\reactivex\rxjava3\rxjava\3.1.6\rxjava-3.1.6.jar;C:\Users\nreka\.m2\repository\org\reactivestreams\reactive-streams\1.0.4\reactive-streams-1.0.4.jar;C:\Users\nreka\.m2\repository\tech\grasshopper\extentreports-cucumber7-adapter\1.14.0\extentreports-cucumber7-adapter-1.14.0.jar;C:\Users\nreka\.m2\repository\tech\grasshopper\extent-pdf-report\2.12.0\extent-pdf-report-2.12.0.jar;C:\Users\nreka\.m2\repository\tech\grasshopper\rest-assured-cucumber-pdf-report\1.5.0\rest-assured-cucumber-pdf-report-1.5.0.jar;C:\Users\nreka\.m2\repository\com\aventstack\klov-reporter\5.1.0\klov-reporter-5.1.0.jar;C:\Users\nreka\.m2\repository\org\mongodb\mongodb-driver\3.6.4\mongodb-driver-3.6.4.jar;C:\Users\nreka\.m2\repository\org\mongodb\mongodb-driver-core\3.6.4\mongodb-driver-core-3.6.4.jar;C:\Users\nreka\.m2\repository\org\mongodb\bson\3.6.4\bson-3.6.4.jar;C:\Users\nreka\.m2\repository\org\apache\httpcomponents\httpclient\4.5.13\httpclient-4.5.13.jar;C:\Users\nreka\.m2\repository\org\apache\httpcomponents\httpcore\4.4.13\httpcore-4.4.13.jar;C:\Users\nreka\.m2\repository\org\apache\httpcomponents\httpmime\4.5.13\httpmime-4.5.13.jar;C:\Users\nreka\.m2\repository\tech\grasshopper\htmlextentreporter\1.1.0\htmlextentreporter-1.1.0.jar;C:\Users\nreka\.m2\repository\tech\grasshopper\extent-excel-report\1.4.0\extent-excel-report-1.4.0.jar;C:\Users\nreka\.m2\repository\org\apache\pdfbox\pdfbox\2.0.27\pdfbox-2.0.27.jar;C:\Users\nreka\.m2\repository\org\apache\pdfbox\fontbox\2.0.27\fontbox-2.0.27.jar;C:\Users\nreka\.m2\repository\commons-logging\commons-logging\1.2\commons-logging-1.2.jar;C:\Users\nreka\.m2\repository\org\projectlombok\lombok\1.18.22\lombok-1.18.22.jar;C:\Users\nreka\.m2\repository\org\apache\logging\log4j\log4j-api\2.20.0\log4j-api-2.20.0.jar;C:\Users\nreka\.m2\repository\log4j\log4j\1.2.17\log4j-1.2.17.jar;C:\Users\nreka\.m2\repository\org\apache\logging\log4j\log4j-core\2.20.0\log4j-core-2.20.0.jar;C:\Users\nreka\.m2\repository\org\apache\logging\log4j\log4j-slf4j-impl\2.20.0\log4j-slf4j-impl-2.20.0.jar;C:\Users\nreka\.m2\repository\com\aventstack\chaintest-cucumber-jvm\1.0.6\chaintest-cucumber-jvm-1.0.6.jar;C:\Users\nreka\.m2\repository\io\cucumber\cucumber-plugin\7.11.1\cucumber-plugin-7.11.1.jar;C:\Users\nreka\.m2\repository\com\aventstack\chaintest-core\1.0.6\chaintest-core-1.0.6.jar;C:\Users\nreka\.m2\repository\com\fasterxml\jackson\core\jackson-databind\2.18.0\jackson-databind-2.18.0.jar;C:\Users\nreka\.m2\repository\com\fasterxml\jackson\core\jackson-annotations\2.18.0\jackson-annotations-2.18.0.jar;C:\Users\nreka\.m2\repository\com\fasterxml\jackson\core\jackson-core\2.18.0\jackson-core-2.18.0.jar;C:\Users\nreka\.m2\repository\com\azure\azure-storage-blob\12.28.0\azure-storage-blob-12.28.0.jar;C:\Users\nreka\.m2\repository\com\azure\azure-core\1.52.0\azure-core-1.52.0.jar;C:\Users\nreka\.m2\repository\com\fasterxml\jackson\datatype\jackson-datatype-jsr310\2.17.2\jackson-datatype-jsr310-2.17.2.jar;C:\Users\nreka\.m2\repository\io\projectreactor\reactor-core\3.4.38\reactor-core-3.4.38.jar;C:\Users\nreka\.m2\repository\com\azure\azure-core-http-netty\1.15.4\azure-core-http-netty-1.15.4.jar;C:\Users\nreka\.m2\repository\io\netty\netty-codec-http2\4.1.110.Final\netty-codec-http2-4.1.110.Final.jar;C:\Users\nreka\.m2\repository\io\netty\netty-tcnative-boringssl-static\2.0.65.Final\netty-tcnative-boringssl-static-2.0.65.Final.jar;C:\Users\nreka\.m2\repository\io\netty\netty-tcnative-classes\2.0.65.Final\netty-tcnative-classes-2.0.65.Final.jar;C:\Users\nreka\.m2\repository\io\netty\netty-tcnative-boringssl-static\2.0.65.Final\netty-tcnative-boringssl-static-2.0.65.Final-linux-x86_64.jar;C:\Users\nreka\.m2\repository\io\netty\netty-tcnative-boringssl-static\2.0.65.Final\netty-tcnative-boringssl-static-2.0.65.Final-linux-aarch_64.jar;C:\Users\nreka\.m2\repository\io\netty\netty-tcnative-boringssl-static\2.0.65.Final\netty-tcnative-boringssl-static-2.0.65.Final-osx-x86_64.jar;C:\Users\nreka\.m2\repository\io\netty\netty-tcnative-boringssl-static\2.0.65.Final\netty-tcnative-boringssl-static-2.0.65.Final-osx-aarch_64.jar;C:\Users\nreka\.m2\repository\io\netty\netty-tcnative-boringssl-static\2.0.65.Final\netty-tcnative-boringssl-static-2.0.65.Final-windows-x86_64.jar;C:\Users\nreka\.m2\repository\io\projectreactor\netty\reactor-netty-http\1.0.45\reactor-netty-http-1.0.45.jar;C:\Users\nreka\.m2\repository\io\netty\netty-resolver-dns\4.1.109.Final\netty-resolver-dns-4.1.109.Final.jar;C:\Users\nreka\.m2\repository\io\netty\netty-codec-dns\4.1.109.Final\netty-codec-dns-4.1.109.Final.jar;C:\Users\nreka\.m2\repository\io\netty\netty-resolver-dns-native-macos\4.1.109.Final\netty-resolver-dns-native-macos-4.1.109.Final-osx-x86_64.jar;C:\Users\nreka\.m2\repository\io\netty\netty-resolver-dns-classes-macos\4.1.109.Final\netty-resolver-dns-classes-macos-4.1.109.Final.jar;C:\Users\nreka\.m2\repository\io\projectreactor\netty\reactor-netty-core\1.0.45\reactor-netty-core-1.0.45.jar;C:\Users\nreka\.m2\repository\com\azure\azure-storage-internal-avro\12.13.0\azure-storage-internal-avro-12.13.0.jar;C:\Users\nreka\.m2\repository\com\azure\azure-xml\1.1.0\azure-xml-1.1.0.jar;C:\Users\nreka\.m2\repository\com\azure\azure-storage-common\12.28.0\azure-storage-common-12.28.0.jar;C:\Users\nreka\.m2\repository\com\azure\azure-identity\1.13.3\azure-identity-1.13.3.jar;C:\Users\nreka\.m2\repository\com\azure\azure-json\1.3.0\azure-json-1.3.0.jar;C:\Users\nreka\.m2\repository\com\microsoft\azure\msal4j\1.17.1\msal4j-1.17.1.jar;C:\Users\nreka\.m2\repository\com\nimbusds\oauth2-oidc-sdk\11.18\oauth2-oidc-sdk-11.18.jar;C:\Users\nreka\.m2\repository\com\github\stephenc\jcip\jcip-annotations\1.0-1\jcip-annotations-1.0-1.jar;C:\Users\nreka\.m2\repository\com\nimbusds\content-type\2.3\content-type-2.3.jar;C:\Users\nreka\.m2\repository\com\nimbusds\lang-tag\1.7\lang-tag-1.7.jar;C:\Users\nreka\.m2\repository\com\nimbusds\nimbus-jose-jwt\9.40\nimbus-jose-jwt-9.40.jar;C:\Users\nreka\.m2\repository\net\minidev\json-smart\2.5.0\json-smart-2.5.0.jar;C:\Users\nreka\.m2\repository\net\minidev\accessors-smart\2.5.0\accessors-smart-2.5.0.jar;C:\Users\nreka\.m2\repository\org\ow2\asm\asm\9.3\asm-9.3.jar;C:\Users\nreka\.m2\repository\com\microsoft\azure\msal4j-persistence-extension\1.3.0\msal4j-persistence-extension-1.3.0.jar;C:\Users\nreka\.m2\repository\net\java\dev\jna\jna-platform\5.6.0\jna-platform-5.6.0.jar;C:\Users\nreka\.m2\repository\software\amazon\awssdk\s3\2.29.39\s3-2.29.39.jar;C:\Users\nreka\.m2\repository\software\amazon\awssdk\aws-xml-protocol\2.29.39\aws-xml-protocol-2.29.39.jar;C:\Users\nreka\.m2\repository\software\amazon\awssdk\aws-query-protocol\2.29.39\aws-query-protocol-2.29.39.jar;C:\Users\nreka\.m2\repository\software\amazon\awssdk\protocol-core\2.29.39\protocol-core-2.29.39.jar;C:\Users\nreka\.m2\repository\software\amazon\awssdk\arns\2.29.39\arns-2.29.39.jar;C:\Users\nreka\.m2\repository\software\amazon\awssdk\profiles\2.29.39\profiles-2.29.39.jar;C:\Users\nreka\.m2\repository\software\amazon\awssdk\crt-core\2.29.39\crt-core-2.29.39.jar;C:\Users\nreka\.m2\repository\software\amazon\awssdk\http-auth\2.29.39\http-auth-2.29.39.jar;C:\Users\nreka\.m2\repository\software\amazon\awssdk\identity-spi\2.29.39\identity-spi-2.29.39.jar;C:\Users\nreka\.m2\repository\software\amazon\awssdk\http-auth-spi\2.29.39\http-auth-spi-2.29.39.jar;C:\Users\nreka\.m2\repository\software\amazon\awssdk\http-auth-aws\2.29.39\http-auth-aws-2.29.39.jar;C:\Users\nreka\.m2\repository\software\amazon\awssdk\checksums\2.29.39\checksums-2.29.39.jar;C:\Users\nreka\.m2\repository\software\amazon\awssdk\checksums-spi\2.29.39\checksums-spi-2.29.39.jar;C:\Users\nreka\.m2\repository\software\amazon\awssdk\retries-spi\2.29.39\retries-spi-2.29.39.jar;C:\Users\nreka\.m2\repository\software\amazon\awssdk\sdk-core\2.29.39\sdk-core-2.29.39.jar;C:\Users\nreka\.m2\repository\software\amazon\awssdk\retries\2.29.39\retries-2.29.39.jar;C:\Users\nreka\.m2\repository\software\amazon\awssdk\auth\2.29.39\auth-2.29.39.jar;C:\Users\nreka\.m2\repository\software\amazon\awssdk\http-auth-aws-eventstream\2.29.39\http-auth-aws-eventstream-2.29.39.jar;C:\Users\nreka\.m2\repository\software\amazon\eventstream\eventstream\1.0.1\eventstream-1.0.1.jar;C:\Users\nreka\.m2\repository\software\amazon\awssdk\http-client-spi\2.29.39\http-client-spi-2.29.39.jar;C:\Users\nreka\.m2\repository\software\amazon\awssdk\regions\2.29.39\regions-2.29.39.jar;C:\Users\nreka\.m2\repository\software\amazon\awssdk\annotations\2.29.39\annotations-2.29.39.jar;C:\Users\nreka\.m2\repository\software\amazon\awssdk\utils\2.29.39\utils-2.29.39.jar;C:\Users\nreka\.m2\repository\software\amazon\awssdk\aws-core\2.29.39\aws-core-2.29.39.jar;C:\Users\nreka\.m2\repository\software\amazon\awssdk\metrics-spi\2.29.39\metrics-spi-2.29.39.jar;C:\Users\nreka\.m2\repository\software\amazon\awssdk\json-utils\2.29.39\json-utils-2.29.39.jar;C:\Users\nreka\.m2\repository\software\amazon\awssdk\third-party-jackson-core\2.29.39\third-party-jackson-core-2.29.39.jar;C:\Users\nreka\.m2\repository\software\amazon\awssdk\endpoints-spi\2.29.39\endpoints-spi-2.29.39.jar;C:\Users\nreka\.m2\repository\software\amazon\awssdk\netty-nio-client\2.29.39\netty-nio-client-2.29.39.jar;C:\Users\nreka\.m2\repository\io\netty\netty-transport-classes-epoll\4.1.115.Final\netty-transport-classes-epoll-4.1.115.Final.jar;C:\Users\nreka\.m2\repository\software\amazon\awssdk\apache-client\2.29.39\apache-client-2.29.39.jar;C:\Users\nreka\.m2\repository\ch\qos\logback\logback-classic\1.5.9\logback-classic-1.5.9.jar;C:\Users\nreka\.m2\repository\ch\qos\logback\logback-core\1.5.9\logback-core-1.5.9.jar;C:\Users\nreka\.m2\repository\com\google\code\gson\gson\2.10.1\gson-2.10.1.jar;C:\Users\nreka\.m2\repository\org\yaml\snakeyaml\1.33\snakeyaml-1.33.jar;C:\Users\nreka\.m2\repository\tech\grasshopper\cucumber-pdf-report\2.14.0\cucumber-pdf-report-2.14.0.jar;C:\Users\nreka\.m2\repository\org\knowm\xchart\xchart\3.8.0\xchart-3.8.0.jar;C:\Users\nreka\.m2\repository\de\erichseifert\vectorgraphics2d\VectorGraphics2D\0.13\VectorGraphics2D-0.13.jar;C:\Users\nreka\.m2\repository\de\rototor\pdfbox\graphics2d\0.30\graphics2d-0.30.jar;C:\Users\nreka\.m2\repository\com\madgag\animated-gif-lib\1.4\animated-gif-lib-1.4.jar;C:\Users\nreka\.m2\repository\tech\grasshopper\table-layout\1.5.1\table-layout-1.5.1.jar;C:\Users\nreka\.m2\repository\org\jsoup\jsoup\1.15.3\jsoup-1.15.3.jar;C:\Users\nreka\.m2\repository\org\freemarker\freemarker\2.3.34\freemarker-2.3.34.jar;C:\Users\nreka\.m2\repository\io\qameta\allure\allure-cucumber-jvm\2.20.1\allure-cucumber-jvm-2.20.1.jar;C:\Users\nreka\.m2\repository\io\qameta\allure\allure-java-commons\2.20.1\allure-java-commons-2.20.1.jar;C:\Users\nreka\.m2\repository\io\qameta\allure\allure-model\2.20.1\allure-model-2.20.1.jar;C:\Users\nreka\.m2\repository\info\cukes\gherkin\2.12.2\gherkin-2.12.2.jar;C:\Users\nreka\.m2\repository\io\qameta\allure\allure-testng\2.21.0\allure-testng-2.21.0.jar;C:\Users\nreka\.m2\repository\io\qameta\allure\allure-test-filter\2.21.0\allure-test-filter-2.21.0.jar;"/>
    <property name="sun.cpu.endian" value="little"/>
    <property name="user.home" value="C:\Users\nreka"/>
    <property name="user.language" value="en"/>
    <property name="java.specification.vendor" value="Oracle Corporation"/>
    <property name="java.version.date" value="2024-04-16"/>
    <property name="java.home" value="C:\Program Files\Java\jdk-17"/>
    <property name="file.separator" value="\"/>
    <property name="basedir" value="C:\Users\nreka\vscodedevops\parabank"/>
    <property name="java.vm.compressedOopsMode" value="Zero based"/>
    <property name="line.separator" value="&#10;"/>
    <property name="java.vm.specification.vendor" value="Oracle Corporation"/>
    <property name="java.specification.name" value="Java Platform API Specification"/>
    <property name="surefire.real.class.path" value="C:\Users\nreka\AppData\Local\Temp\surefire18205688034483695022\surefirebooter9372135326910056244.jar"/>
    <property name="user.script" value=""/>
    <property name="sun.management.compiler" value="HotSpot 64-Bit Tiered Compilers"/>
    <property name="java.runtime.version" value="17.0.11+7-LTS-207"/>
    <property name="user.name" value="Reka"/>
    <property name="path.separator" value=";"/>
    <property name="os.version" value="10.0"/>
    <property name="java.runtime.name" value="Java(TM) SE Runtime Environment"/>
    <property name="file.encoding" value="Cp1252"/>
    <property name="sun.nio.ch.bugLevel" value=""/>
    <property name="java.vm.name" value="Java HotSpot(TM) 64-Bit Server VM"/>
    <property name="localRepository" value="C:\Users\nreka\.m2\repository"/>
    <property name="java.vendor.url.bug" value="https://bugreport.java.com/bugreport/"/>
    <property name="java.io.tmpdir" value="C:\Users\nreka\AppData\Local\Temp\"/>
    <property name="java.version" value="17.0.11"/>
    <property name="user.dir" value="C:\Users\nreka\vscodedevops\parabank"/>
    <property name="os.arch" value="amd64"/>
    <property name="java.vm.specification.name" value="Java Virtual Machine Specification"/>
    <property name="sun.os.patch.level" value=""/>
    <property name="native.encoding" value="Cp1252"/>
    <property name="java.library.path" value="C:\Program Files\Java\jdk-17\bin;C:\WINDOWS\Sun\Java\bin;C:\WINDOWS\system32;C:\WINDOWS;C:\Users\nreka\AppData\Local\Programs\Python\Python313\;C:\Users\nreka\AppData\Local\Programs\Python\Python313\Scripts\;C:\Program Files\Common Files\Oracle\Java\javapath;C:\Program Files (x86)\Common Files\Oracle\Java\javapath;C:\Windows\system32;C:\Windows;C:\Windows\System32\Wbem;C:\Windows\System32\WindowsPowerShell\v1.0\;C:\Windows\System32\OpenSSH\;C:\Program Files\apache-maven-3.9.9\bin;C:\Program Files\Java\jdk-17\bin;C:\Users\nreka\AppData\Roaming\nvm;C:\Program Files\nodejs;C:\ProgramData\chocolatey\bin;C:\Program Files\Java\jdk-17\lib\security;C:\Users\nreka\Tools\allure-2.30.0\bin;C:\Users\nreka\Tools\allure2-2.30.0\allure-commandline;C:\Program Files\Git\cmd;C:\Program Files\trivy;C:\minikube;C:\Program Files\Amazon\AWSCLIV2\;C:\Python313\;C:\Python313\Scripts\;C:\terraform_1.10.0_windows_amd64\;C:\Program Files\Kubernetes\Minikube;C:\Program Files\eks;C:\Program Files\Helm;C:\Users\nreka\AppData\Local\Microsoft\WinGet\Packages\argoproj.argocd_Microsoft.Winget.Source_8wekyb3d8bbwe\;C:\Program Files\argoproj.argocd_Microsoft.Winget.Source_8wekyb3d8bbwe\;C:\Program Files\Go\bin\;C:\Tools;C:\Users\nreka\Tools\chromedriver-win64\;C:\Users\nreka\AppData\Roaming\npm\;C:\php-8.4.3-src\;C:\WINDOWS\system32;C:\WINDOWS;C:\WINDOWS\System32\Wbem;C:\WINDOWS\System32\WindowsPowerShell\v1.0\;C:\WINDOWS\System32\OpenSSH\;C:\Program Files\Mozilla Firefox\;C:\Program Files\k6\;C:\ngrok;C:\Program Files\Docker\Docker\resources\bin;C:\Users\nreka\AppData\Local\Programs\Python\Python313\Scripts\;C:\Users\nreka\AppData\Local\Programs\Python\Python313\;C:\Python312\Scripts\;C:\Python312\;C:\Program Files\Common Files\Oracle\Java\javapath;C:\Program Files (x86)\Common Files\Oracle\Java\javapath;C:\Windows\system32;C:\Windows;C:\Windows\System32\Wbem;C:\Windows\System32\WindowsPowerShell\v1.0\;C:\Windows\System32\OpenSSH\;C:\Program Files\Java\jdk-17\bin;C:\Program Files\Docker\Docker\resources\bin;C:\Program Files\apache-maven-3.9.9\bin;C:\Users\nreka\AppData\Roaming\nvm;C:\Program Files\nodejs;C:\ProgramData\chocolatey\bin;C:\Program Files\Java\jdk-17\lib\security;C:\Users\nreka\AppData\Roaming\Python\Python312\Scripts;C:\Users\nreka\Tools\allure-2.30.0\bin;C:\Users\nreka\Tools\allure2-2.30.0\allure-commandline;C:\Program Files\Git\cmd;C:\Users\nreka\AppData\Local\Microsoft\WindowsApps;C:\Program Files\JetBrains\PyCharm;C:\Users\nreka\AppData\Local\Programs\Microsoft VS Code\bin;C:\Program Files\JetBrains\IntelliJ IDEA 2024.2.1\bin;;C:\Program Files\JetBrains\IntelliJ IDEA Community Edition 2024.2.1\bin;;C:\Users\nreka\go\bin;C:\Users\nreka\AppData\Local\Microsoft\WindowsApps;C:\Users\nreka\AppData\Local\Microsoft\WinGet\Packages\jqlang.jq_Microsoft.Winget.Source_8wekyb3d8bbwe;;c:\Users\nreka\AppData\Roaming\Code\User\globalStorage\github.copilot-chat\debugCommand;."/>
    <property name="java.vm.info" value="mixed mode, sharing"/>
    <property name="java.vendor" value="Oracle Corporation"/>
    <property name="java.vm.version" value="17.0.11+7-LTS-207"/>
    <property name="sun.io.unicode.encoding" value="UnicodeLittle"/>
    <property name="java.class.version" value="61.0"/>
  </properties>
  <testcase name="runScenario[&quot;Login with credentails&quot;, &quot;Register in to the website&quot;](1)" classname="testRunner.TestNgRunner" time="9.607">
    <system-out><![CDATA[15:57:31.058 [main] DEBUG c.a.c.service.ChainPluginService - Found configuration entry chaintest.generator.email.enabled, will use chaintest.generator.email.class-name to resolve class
15:57:31.068 [main] DEBUG c.a.c.service.ChainPluginService - Found configuration entry chaintest.generator.chainlp.enabled, will use chaintest.generator.chainlp.class-name to resolve class
15:57:31.070 [main] DEBUG c.a.c.service.ChainPluginService - Found configuration entry chaintest.generator.simple.enabled, will use chaintest.generator.simple.class-name to resolve class
15:57:31.072 [main] DEBUG c.a.c.generator.FileGenerator - Loading template index.ftl for class class com.aventstack.chaintest.generator.ChainTestEmailGenerator with basePackagePath email/
15:57:31.574 [main] DEBUG c.a.chaintest.http.HttpRetryHandler - Creating HttpRetryHandler instance for 3 retry attempts
15:57:31.652 [main] DEBUG c.a.c.http.ChainTestApiClient - Created request for entity Build with body: {"id":0,"projectId":0,"projectName":"automation-bdd-cucumber","startedAt":1742849851575,"endedAt":0,"durationMs":0,"executionStage":"IN_PROGRESS","testRunner":"testng","name":null,"result":"PASSED","tagStatsMonitor":{},"tags":[],"gitRepository":null,"gitBranch":null,"gitCommitHash":null,"gitTags":null,"gitCommitMessage":null,"systemInfo":[{"id":0,"name":"java.version","val":"17.0.11"},{"id":0,"name":"java.vm.name","val":"Java HotSpot(TM) 64-Bit Server VM"},{"id":0,"name":"java.vm.vendor","val":"Oracle Corporation"},{"id":0,"name":"java.class.version","val":"61.0"},{"id":0,"name":"java.runtime.name","val":"Java(TM) SE Runtime Environment"},{"id":0,"name":"os.name","val":"Windows 11"},{"id":0,"name":"os.arch","val":"amd64"},{"id":0,"name":"os.version","val":"10.0"}],"bdd":false,"durationPretty":"0ms"}
15:57:31.705 [main] DEBUG c.a.chaintest.http.HttpRetryHandler - Failed to connect to the ChainTest service
java.net.ConnectException: null
	at java.net.http/jdk.internal.net.http.HttpClientImpl.send(HttpClientImpl.java:573)
	at java.net.http/jdk.internal.net.http.HttpClientFacade.send(HttpClientFacade.java:123)
	at com.aventstack.chaintest.http.ChainTestApiClient.send(ChainTestApiClient.java:150)
	at com.aventstack.chaintest.http.HttpRetryHandler.trySend(HttpRetryHandler.java:57)
	at com.aventstack.chaintest.http.HttpRetryHandler.trySend(HttpRetryHandler.java:90)
	at com.aventstack.chaintest.generator.ChainLPGenerator.start(ChainLPGenerator.java:96)
	at com.aventstack.chaintest.service.ChainPluginService.lambda$start$1(ChainPluginService.java:99)
	at java.base/java.util.stream.ForEachOps$ForEachOp$OfRef.accept(ForEachOps.java:183)
	at java.base/java.util.stream.ReferencePipeline$2$1.accept(ReferencePipeline.java:179)
	at java.base/java.util.ArrayList$ArrayListSpliterator.forEachRemaining(ArrayList.java:1625)
	at java.base/java.util.stream.AbstractPipeline.copyInto(AbstractPipeline.java:509)
	at java.base/java.util.stream.AbstractPipeline.wrapAndCopyInto(AbstractPipeline.java:499)
	at java.base/java.util.stream.ForEachOps$ForEachOp.evaluateSequential(ForEachOps.java:150)
	at java.base/java.util.stream.ForEachOps$ForEachOp$OfRef.evaluateSequential(ForEachOps.java:173)
	at java.base/java.util.stream.AbstractPipeline.evaluate(AbstractPipeline.java:234)
	at java.base/java.util.stream.ReferencePipeline.forEach(ReferencePipeline.java:596)
	at com.aventstack.chaintest.service.ChainPluginService.start(ChainPluginService.java:99)
	at utilities.chainTestListener.onExecutionStart(chainTestListener.java:65)
	at org.testng.TestNG.runExecutionListeners(TestNG.java:1129)
	at org.testng.TestNG.run(TestNG.java:1074)
	at org.apache.maven.surefire.testng.TestNGExecutor.run(TestNGExecutor.java:284)
	at org.apache.maven.surefire.testng.TestNGXmlTestSuite.execute(TestNGXmlTestSuite.java:75)
	at org.apache.maven.surefire.testng.TestNGProvider.invoke(TestNGProvider.java:119)
	at org.apache.maven.surefire.booter.ForkedBooter.runSuitesInProcess(ForkedBooter.java:428)
	at org.apache.maven.surefire.booter.ForkedBooter.execute(ForkedBooter.java:162)
	at org.apache.maven.surefire.booter.ForkedBooter.run(ForkedBooter.java:562)
	at org.apache.maven.surefire.booter.ForkedBooter.main(ForkedBooter.java:548)
Caused by: java.net.ConnectException: null
	at java.net.http/jdk.internal.net.http.common.Utils.toConnectException(Utils.java:1055)
	at java.net.http/jdk.internal.net.http.PlainHttpConnection.connectAsync(PlainHttpConnection.java:198)
	at java.net.http/jdk.internal.net.http.PlainHttpConnection.checkRetryConnect(PlainHttpConnection.java:230)
	at java.net.http/jdk.internal.net.http.PlainHttpConnection.lambda$connectAsync$1(PlainHttpConnection.java:206)
	at java.base/java.util.concurrent.CompletableFuture.uniHandle(CompletableFuture.java:934)
	at java.base/java.util.concurrent.CompletableFuture$UniHandle.tryFire(CompletableFuture.java:911)
	at java.base/java.util.concurrent.CompletableFuture.postComplete(CompletableFuture.java:510)
	at java.base/java.util.concurrent.CompletableFuture$AsyncSupply.run(CompletableFuture.java:1773)
	at java.base/java.util.concurrent.ThreadPoolExecutor.runWorker(ThreadPoolExecutor.java:1136)
	at java.base/java.util.concurrent.ThreadPoolExecutor$Worker.run(ThreadPoolExecutor.java:635)
	at java.base/java.lang.Thread.run(Thread.java:842)
Caused by: java.nio.channels.ClosedChannelException: null
	at java.base/sun.nio.ch.SocketChannelImpl.ensureOpen(SocketChannelImpl.java:195)
	at java.base/sun.nio.ch.SocketChannelImpl.beginConnect(SocketChannelImpl.java:760)
	at java.base/sun.nio.ch.SocketChannelImpl.connect(SocketChannelImpl.java:848)
	at java.net.http/jdk.internal.net.http.PlainHttpConnection.lambda$connectAsync$0(PlainHttpConnection.java:183)
	at java.base/java.security.AccessController.doPrivileged(AccessController.java:569)
	at java.net.http/jdk.internal.net.http.PlainHttpConnection.connectAsync(PlainHttpConnection.java:185)
	... 9 common frames omitted
15:57:33.720 [main] DEBUG c.a.c.http.ChainTestApiClient - Created request for entity Build with body: {"id":0,"projectId":0,"projectName":"automation-bdd-cucumber","startedAt":1742849851575,"endedAt":0,"durationMs":0,"executionStage":"IN_PROGRESS","testRunner":"testng","name":null,"result":"PASSED","tagStatsMonitor":{},"tags":[],"gitRepository":null,"gitBranch":null,"gitCommitHash":null,"gitTags":null,"gitCommitMessage":null,"systemInfo":[{"id":0,"name":"java.version","val":"17.0.11"},{"id":0,"name":"java.vm.name","val":"Java HotSpot(TM) 64-Bit Server VM"},{"id":0,"name":"java.vm.vendor","val":"Oracle Corporation"},{"id":0,"name":"java.class.version","val":"61.0"},{"id":0,"name":"java.runtime.name","val":"Java(TM) SE Runtime Environment"},{"id":0,"name":"os.name","val":"Windows 11"},{"id":0,"name":"os.arch","val":"amd64"},{"id":0,"name":"os.version","val":"10.0"}],"bdd":false,"durationPretty":"0ms"}
15:57:33.726 [main] DEBUG c.a.chaintest.http.HttpRetryHandler - Failed to connect to the ChainTest service
java.net.ConnectException: null
	at java.net.http/jdk.internal.net.http.HttpClientImpl.send(HttpClientImpl.java:573)
	at java.net.http/jdk.internal.net.http.HttpClientFacade.send(HttpClientFacade.java:123)
	at com.aventstack.chaintest.http.ChainTestApiClient.send(ChainTestApiClient.java:150)
	at com.aventstack.chaintest.http.HttpRetryHandler.trySend(HttpRetryHandler.java:57)
	at com.aventstack.chaintest.http.HttpRetryHandler.trySend(HttpRetryHandler.java:90)
	at com.aventstack.chaintest.generator.ChainLPGenerator.start(ChainLPGenerator.java:96)
	at com.aventstack.chaintest.service.ChainPluginService.lambda$start$1(ChainPluginService.java:99)
	at java.base/java.util.stream.ForEachOps$ForEachOp$OfRef.accept(ForEachOps.java:183)
	at java.base/java.util.stream.ReferencePipeline$2$1.accept(ReferencePipeline.java:179)
	at java.base/java.util.ArrayList$ArrayListSpliterator.forEachRemaining(ArrayList.java:1625)
	at java.base/java.util.stream.AbstractPipeline.copyInto(AbstractPipeline.java:509)
	at java.base/java.util.stream.AbstractPipeline.wrapAndCopyInto(AbstractPipeline.java:499)
	at java.base/java.util.stream.ForEachOps$ForEachOp.evaluateSequential(ForEachOps.java:150)
	at java.base/java.util.stream.ForEachOps$ForEachOp$OfRef.evaluateSequential(ForEachOps.java:173)
	at java.base/java.util.stream.AbstractPipeline.evaluate(AbstractPipeline.java:234)
	at java.base/java.util.stream.ReferencePipeline.forEach(ReferencePipeline.java:596)
	at com.aventstack.chaintest.service.ChainPluginService.start(ChainPluginService.java:99)
	at utilities.chainTestListener.onExecutionStart(chainTestListener.java:65)
	at org.testng.TestNG.runExecutionListeners(TestNG.java:1129)
	at org.testng.TestNG.run(TestNG.java:1074)
	at org.apache.maven.surefire.testng.TestNGExecutor.run(TestNGExecutor.java:284)
	at org.apache.maven.surefire.testng.TestNGXmlTestSuite.execute(TestNGXmlTestSuite.java:75)
	at org.apache.maven.surefire.testng.TestNGProvider.invoke(TestNGProvider.java:119)
	at org.apache.maven.surefire.booter.ForkedBooter.runSuitesInProcess(ForkedBooter.java:428)
	at org.apache.maven.surefire.booter.ForkedBooter.execute(ForkedBooter.java:162)
	at org.apache.maven.surefire.booter.ForkedBooter.run(ForkedBooter.java:562)
	at org.apache.maven.surefire.booter.ForkedBooter.main(ForkedBooter.java:548)
Caused by: java.net.ConnectException: null
	at java.net.http/jdk.internal.net.http.common.Utils.toConnectException(Utils.java:1055)
	at java.net.http/jdk.internal.net.http.PlainHttpConnection.connectAsync(PlainHttpConnection.java:198)
	at java.net.http/jdk.internal.net.http.PlainHttpConnection.checkRetryConnect(PlainHttpConnection.java:230)
	at java.net.http/jdk.internal.net.http.PlainHttpConnection.lambda$connectAsync$1(PlainHttpConnection.java:206)
	at java.base/java.util.concurrent.CompletableFuture.uniHandle(CompletableFuture.java:934)
	at java.base/java.util.concurrent.CompletableFuture$UniHandle.tryFire(CompletableFuture.java:911)
	at java.base/java.util.concurrent.CompletableFuture.postComplete(CompletableFuture.java:510)
	at java.base/java.util.concurrent.CompletableFuture$AsyncSupply.run(CompletableFuture.java:1773)
	at java.base/java.util.concurrent.ThreadPoolExecutor.runWorker(ThreadPoolExecutor.java:1136)
	at java.base/java.util.concurrent.ThreadPoolExecutor$Worker.run(ThreadPoolExecutor.java:635)
	at java.base/java.lang.Thread.run(Thread.java:842)
Caused by: java.nio.channels.ClosedChannelException: null
	at java.base/sun.nio.ch.SocketChannelImpl.ensureOpen(SocketChannelImpl.java:195)
	at java.base/sun.nio.ch.SocketChannelImpl.beginConnect(SocketChannelImpl.java:760)
	at java.base/sun.nio.ch.SocketChannelImpl.connect(SocketChannelImpl.java:848)
	at java.net.http/jdk.internal.net.http.PlainHttpConnection.lambda$connectAsync$0(PlainHttpConnection.java:183)
	at java.base/java.security.AccessController.doPrivileged(AccessController.java:569)
	at java.net.http/jdk.internal.net.http.PlainHttpConnection.connectAsync(PlainHttpConnection.java:185)
	... 9 common frames omitted
15:57:35.745 [main] DEBUG c.a.c.http.ChainTestApiClient - Created request for entity Build with body: {"id":0,"projectId":0,"projectName":"automation-bdd-cucumber","startedAt":1742849851575,"endedAt":0,"durationMs":0,"executionStage":"IN_PROGRESS","testRunner":"testng","name":null,"result":"PASSED","tagStatsMonitor":{},"tags":[],"gitRepository":null,"gitBranch":null,"gitCommitHash":null,"gitTags":null,"gitCommitMessage":null,"systemInfo":[{"id":0,"name":"java.version","val":"17.0.11"},{"id":0,"name":"java.vm.name","val":"Java HotSpot(TM) 64-Bit Server VM"},{"id":0,"name":"java.vm.vendor","val":"Oracle Corporation"},{"id":0,"name":"java.class.version","val":"61.0"},{"id":0,"name":"java.runtime.name","val":"Java(TM) SE Runtime Environment"},{"id":0,"name":"os.name","val":"Windows 11"},{"id":0,"name":"os.arch","val":"amd64"},{"id":0,"name":"os.version","val":"10.0"}],"bdd":false,"durationPretty":"0ms"}
15:57:35.753 [main] DEBUG c.a.chaintest.http.HttpRetryHandler - Failed to connect to the ChainTest service
java.net.ConnectException: null
	at java.net.http/jdk.internal.net.http.HttpClientImpl.send(HttpClientImpl.java:573)
	at java.net.http/jdk.internal.net.http.HttpClientFacade.send(HttpClientFacade.java:123)
	at com.aventstack.chaintest.http.ChainTestApiClient.send(ChainTestApiClient.java:150)
	at com.aventstack.chaintest.http.HttpRetryHandler.trySend(HttpRetryHandler.java:57)
	at com.aventstack.chaintest.http.HttpRetryHandler.trySend(HttpRetryHandler.java:90)
	at com.aventstack.chaintest.generator.ChainLPGenerator.start(ChainLPGenerator.java:96)
	at com.aventstack.chaintest.service.ChainPluginService.lambda$start$1(ChainPluginService.java:99)
	at java.base/java.util.stream.ForEachOps$ForEachOp$OfRef.accept(ForEachOps.java:183)
	at java.base/java.util.stream.ReferencePipeline$2$1.accept(ReferencePipeline.java:179)
	at java.base/java.util.ArrayList$ArrayListSpliterator.forEachRemaining(ArrayList.java:1625)
	at java.base/java.util.stream.AbstractPipeline.copyInto(AbstractPipeline.java:509)
	at java.base/java.util.stream.AbstractPipeline.wrapAndCopyInto(AbstractPipeline.java:499)
	at java.base/java.util.stream.ForEachOps$ForEachOp.evaluateSequential(ForEachOps.java:150)
	at java.base/java.util.stream.ForEachOps$ForEachOp$OfRef.evaluateSequential(ForEachOps.java:173)
	at java.base/java.util.stream.AbstractPipeline.evaluate(AbstractPipeline.java:234)
	at java.base/java.util.stream.ReferencePipeline.forEach(ReferencePipeline.java:596)
	at com.aventstack.chaintest.service.ChainPluginService.start(ChainPluginService.java:99)
	at utilities.chainTestListener.onExecutionStart(chainTestListener.java:65)
	at org.testng.TestNG.runExecutionListeners(TestNG.java:1129)
	at org.testng.TestNG.run(TestNG.java:1074)
	at org.apache.maven.surefire.testng.TestNGExecutor.run(TestNGExecutor.java:284)
	at org.apache.maven.surefire.testng.TestNGXmlTestSuite.execute(TestNGXmlTestSuite.java:75)
	at org.apache.maven.surefire.testng.TestNGProvider.invoke(TestNGProvider.java:119)
	at org.apache.maven.surefire.booter.ForkedBooter.runSuitesInProcess(ForkedBooter.java:428)
	at org.apache.maven.surefire.booter.ForkedBooter.execute(ForkedBooter.java:162)
	at org.apache.maven.surefire.booter.ForkedBooter.run(ForkedBooter.java:562)
	at org.apache.maven.surefire.booter.ForkedBooter.main(ForkedBooter.java:548)
Caused by: java.net.ConnectException: null
	at java.net.http/jdk.internal.net.http.common.Utils.toConnectException(Utils.java:1055)
	at java.net.http/jdk.internal.net.http.PlainHttpConnection.connectAsync(PlainHttpConnection.java:198)
	at java.net.http/jdk.internal.net.http.PlainHttpConnection.checkRetryConnect(PlainHttpConnection.java:230)
	at java.net.http/jdk.internal.net.http.PlainHttpConnection.lambda$connectAsync$1(PlainHttpConnection.java:206)
	at java.base/java.util.concurrent.CompletableFuture.uniHandle(CompletableFuture.java:934)
	at java.base/java.util.concurrent.CompletableFuture$UniHandle.tryFire(CompletableFuture.java:911)
	at java.base/java.util.concurrent.CompletableFuture.postComplete(CompletableFuture.java:510)
	at java.base/java.util.concurrent.CompletableFuture$AsyncSupply.run(CompletableFuture.java:1773)
	at java.base/java.util.concurrent.ThreadPoolExecutor.runWorker(ThreadPoolExecutor.java:1136)
	at java.base/java.util.concurrent.ThreadPoolExecutor$Worker.run(ThreadPoolExecutor.java:635)
	at java.base/java.lang.Thread.run(Thread.java:842)
Caused by: java.nio.channels.ClosedChannelException: null
	at java.base/sun.nio.ch.SocketChannelImpl.ensureOpen(SocketChannelImpl.java:195)
	at java.base/sun.nio.ch.SocketChannelImpl.beginConnect(SocketChannelImpl.java:760)
	at java.base/sun.nio.ch.SocketChannelImpl.connect(SocketChannelImpl.java:848)
	at java.net.http/jdk.internal.net.http.PlainHttpConnection.lambda$connectAsync$0(PlainHttpConnection.java:183)
	at java.base/java.security.AccessController.doPrivileged(AccessController.java:569)
	at java.net.http/jdk.internal.net.http.PlainHttpConnection.connectAsync(PlainHttpConnection.java:185)
	... 9 common frames omitted
15:57:37.757 [main] DEBUG c.a.c.http.ChainTestApiClient - Created request for entity Build with body: {"id":0,"projectId":0,"projectName":"automation-bdd-cucumber","startedAt":1742849851575,"endedAt":0,"durationMs":0,"executionStage":"IN_PROGRESS","testRunner":"testng","name":null,"result":"PASSED","tagStatsMonitor":{},"tags":[],"gitRepository":null,"gitBranch":null,"gitCommitHash":null,"gitTags":null,"gitCommitMessage":null,"systemInfo":[{"id":0,"name":"java.version","val":"17.0.11"},{"id":0,"name":"java.vm.name","val":"Java HotSpot(TM) 64-Bit Server VM"},{"id":0,"name":"java.vm.vendor","val":"Oracle Corporation"},{"id":0,"name":"java.class.version","val":"61.0"},{"id":0,"name":"java.runtime.name","val":"Java(TM) SE Runtime Environment"},{"id":0,"name":"os.name","val":"Windows 11"},{"id":0,"name":"os.arch","val":"amd64"},{"id":0,"name":"os.version","val":"10.0"}],"bdd":false,"durationPretty":"0ms"}
15:57:37.763 [main] DEBUG c.a.chaintest.http.HttpRetryHandler - Failed to connect to the ChainTest service
java.net.ConnectException: null
	at java.net.http/jdk.internal.net.http.HttpClientImpl.send(HttpClientImpl.java:573)
	at java.net.http/jdk.internal.net.http.HttpClientFacade.send(HttpClientFacade.java:123)
	at com.aventstack.chaintest.http.ChainTestApiClient.send(ChainTestApiClient.java:150)
	at com.aventstack.chaintest.http.HttpRetryHandler.trySend(HttpRetryHandler.java:57)
	at com.aventstack.chaintest.http.HttpRetryHandler.trySend(HttpRetryHandler.java:90)
	at com.aventstack.chaintest.generator.ChainLPGenerator.start(ChainLPGenerator.java:96)
	at com.aventstack.chaintest.service.ChainPluginService.lambda$start$1(ChainPluginService.java:99)
	at java.base/java.util.stream.ForEachOps$ForEachOp$OfRef.accept(ForEachOps.java:183)
	at java.base/java.util.stream.ReferencePipeline$2$1.accept(ReferencePipeline.java:179)
	at java.base/java.util.ArrayList$ArrayListSpliterator.forEachRemaining(ArrayList.java:1625)
	at java.base/java.util.stream.AbstractPipeline.copyInto(AbstractPipeline.java:509)
	at java.base/java.util.stream.AbstractPipeline.wrapAndCopyInto(AbstractPipeline.java:499)
	at java.base/java.util.stream.ForEachOps$ForEachOp.evaluateSequential(ForEachOps.java:150)
	at java.base/java.util.stream.ForEachOps$ForEachOp$OfRef.evaluateSequential(ForEachOps.java:173)
	at java.base/java.util.stream.AbstractPipeline.evaluate(AbstractPipeline.java:234)
	at java.base/java.util.stream.ReferencePipeline.forEach(ReferencePipeline.java:596)
	at com.aventstack.chaintest.service.ChainPluginService.start(ChainPluginService.java:99)
	at utilities.chainTestListener.onExecutionStart(chainTestListener.java:65)
	at org.testng.TestNG.runExecutionListeners(TestNG.java:1129)
	at org.testng.TestNG.run(TestNG.java:1074)
	at org.apache.maven.surefire.testng.TestNGExecutor.run(TestNGExecutor.java:284)
	at org.apache.maven.surefire.testng.TestNGXmlTestSuite.execute(TestNGXmlTestSuite.java:75)
	at org.apache.maven.surefire.testng.TestNGProvider.invoke(TestNGProvider.java:119)
	at org.apache.maven.surefire.booter.ForkedBooter.runSuitesInProcess(ForkedBooter.java:428)
	at org.apache.maven.surefire.booter.ForkedBooter.execute(ForkedBooter.java:162)
	at org.apache.maven.surefire.booter.ForkedBooter.run(ForkedBooter.java:562)
	at org.apache.maven.surefire.booter.ForkedBooter.main(ForkedBooter.java:548)
Caused by: java.net.ConnectException: null
	at java.net.http/jdk.internal.net.http.common.Utils.toConnectException(Utils.java:1055)
	at java.net.http/jdk.internal.net.http.PlainHttpConnection.connectAsync(PlainHttpConnection.java:198)
	at java.net.http/jdk.internal.net.http.PlainHttpConnection.checkRetryConnect(PlainHttpConnection.java:230)
	at java.net.http/jdk.internal.net.http.PlainHttpConnection.lambda$connectAsync$1(PlainHttpConnection.java:206)
	at java.base/java.util.concurrent.CompletableFuture.uniHandle(CompletableFuture.java:934)
	at java.base/java.util.concurrent.CompletableFuture$UniHandle.tryFire(CompletableFuture.java:911)
	at java.base/java.util.concurrent.CompletableFuture.postComplete(CompletableFuture.java:510)
	at java.base/java.util.concurrent.CompletableFuture$AsyncSupply.run(CompletableFuture.java:1773)
	at java.base/java.util.concurrent.ThreadPoolExecutor.runWorker(ThreadPoolExecutor.java:1136)
	at java.base/java.util.concurrent.ThreadPoolExecutor$Worker.run(ThreadPoolExecutor.java:635)
	at java.base/java.lang.Thread.run(Thread.java:842)
Caused by: java.nio.channels.ClosedChannelException: null
	at java.base/sun.nio.ch.SocketChannelImpl.ensureOpen(SocketChannelImpl.java:195)
	at java.base/sun.nio.ch.SocketChannelImpl.beginConnect(SocketChannelImpl.java:760)
	at java.base/sun.nio.ch.SocketChannelImpl.connect(SocketChannelImpl.java:848)
	at java.net.http/jdk.internal.net.http.PlainHttpConnection.lambda$connectAsync$0(PlainHttpConnection.java:183)
	at java.base/java.security.AccessController.doPrivileged(AccessController.java:569)
	at java.net.http/jdk.internal.net.http.PlainHttpConnection.connectAsync(PlainHttpConnection.java:185)
	... 9 common frames omitted
15:57:39.781 [main] DEBUG c.a.c.generator.FileGenerator - Loading template index.ftl for class class com.aventstack.chaintest.generator.ChainTestSimpleGenerator with basePackagePath simple
Running tests on: chrome

@register @login @username=<generated_username> @password=<generated_password>
Scenario: Login with credentails                                                                                            # src/test/resources/features/01_Login.feature:14
[INFO ] 2025-03-24 15:57:41.075 [TestNG-test-Chrome TestNgRunner Testng-1] WebDriverFactory - Initializing WebDriver for browser: chrome
[INFO ] 2025-03-24 15:57:42.794 [TestNG-test-Chrome TestNgRunner Testng-1] Loggerload - Register_App_URL
[INFO ] 2025-03-24 15:57:42.817 [TestNG-test-Chrome TestNgRunner Testng-1] RegisterStepDefinition - Opening ParaBank registration page: https://parabank.parasoft.com/parabank/register.htm
  Given I navigate to "<website>"                                                                                           # stepDefinitions.RegisterStepDefinition.i_navigate_to(java.lang.String)
Test passed
[INFO ] 2025-03-24 15:57:44.845 [TestNG-test-Chrome TestNgRunner Testng-1] RegisterStepDefinition - Filling user details on registration form
[INFO ] 2025-03-24 15:57:45.611 [TestNG-test-Chrome TestNgRunner Testng-1] RegisterStepDefinition - User details filled successfully
  Then I fill user details "<First Name>", "<Last Name>", "<Address>", "<City>", "<State>", "<ZipCode>", "<Phone>", "<SSN>" # stepDefinitions.RegisterStepDefinition.i_fill_user_details(java.lang.String,java.lang.String,java.lang.String,java.lang.String,java.lang.String,java.lang.String,java.lang.String,java.lang.String)
Test passed
[INFO ] 2025-03-24 15:57:45.885 [TestNG-test-Chrome TestNgRunner Testng-1] RegisterStepDefinition - Generating random credentials for registration
[INFO ] 2025-03-24 15:57:45.886 [TestNG-test-Chrome TestNgRunner Testng-1] RegisterStepDefinition - Generated Username: TestUser7118
[INFO ] 2025-03-24 15:57:45.886 [TestNG-test-Chrome TestNgRunner Testng-1] RegisterStepDefinition - Generated Password: Test@265
[INFO ] 2025-03-24 15:57:46.413 [TestNG-test-Chrome TestNgRunner Testng-1] RegisterStepDefinition - Entered credentials successfully: TestUser7118 / Test@265
  And I enter "<Username>", "<Password>", and "<Confirm Password>"                                                          # stepDefinitions.RegisterStepDefinition.i_enter_and(java.lang.String,java.lang.String,java.lang.String)
Test passed
[INFO ] 2025-03-24 15:57:46.854 [TestNG-test-Chrome TestNgRunner Testng-1] RegisterStepDefinition - Submitting registration form
[INFO ] 2025-03-24 15:57:46.854 [TestNG-test-Chrome TestNgRunner Testng-1] RegisterStepDefinition - Registration form submitted successfully.
  When I submit on Register button                                                                                          # stepDefinitions.RegisterStepDefinition.i_submit_on_register_button()
Test passed
[INFO ] 2025-03-24 15:57:47.181 [TestNG-test-Chrome TestNgRunner Testng-1] RegisterStepDefinition - Actual page title after registration: ParaBank | Customer Created
Welcome message is: Welcome TestUser7118
[INFO ] 2025-03-24 15:57:47.201 [TestNG-test-Chrome TestNgRunner Testng-1] RegisterStepDefinition - Registration success message: Welcome TestUser7118
Welcome message is: Your account was created successfully. You are now logged in.
[INFO ] 2025-03-24 15:57:47.216 [TestNG-test-Chrome TestNgRunner Testng-1] RegisterStepDefinition - Registration success message: Your account was created successfully. You are now logged in.
  Then I should be successfully navigated to the accounts page                                                              # stepDefinitions.RegisterStepDefinition.i_should_be_successfully_navigated_to_the_accounts_page()
Test passed
[INFO ] 2025-03-24 15:57:47.484 [TestNG-test-Chrome TestNgRunner Testng-1] Loggerload - Login App URL
[INFO ] 2025-03-24 15:57:47.487 [TestNG-test-Chrome TestNgRunner Testng-1] Loggerload - Element found and now performing Click
In Login Page
[INFO ] 2025-03-24 15:57:47.773 [TestNG-test-Chrome TestNgRunner Testng-1] LoginStepDefinition - I am in Login Page
  Given I am in LoginPage                                                                                                   # stepDefinitions.LoginStepDefinition.i_am_in_login_page()
Test passed
[INFO ] 2025-03-24 15:57:48.265 [TestNG-test-Chrome TestNgRunner Testng-1] LoginStepDefinition - Entering credentials: TestUser7118 / Test@265
[INFO ] 2025-03-24 15:57:48.384 [TestNG-test-Chrome TestNgRunner Testng-1] LoginStepDefinition - Entered credentials successfully.
  When I enter the registered username "<generated_username>" and password "<generated_password>"                           # stepDefinitions.LoginStepDefinition.i_enter_the_registered_username_and_password(java.lang.String,java.lang.String)
Test passed
[INFO ] 2025-03-24 15:57:48.693 [TestNG-test-Chrome TestNgRunner Testng-1] LoginStepDefinition - click login
[INFO ] 2025-03-24 15:57:48.699 [TestNG-test-Chrome TestNgRunner Testng-1] LoginStepDefinition - Check if already logged in, if not, then login
[INFO ] 2025-03-24 15:57:48.788 [TestNG-test-Chrome TestNgRunner Testng-1] Loggerload - Element found and now performing Click
[INFO ] 2025-03-24 15:57:49.247 [TestNG-test-Chrome TestNgRunner Testng-1] LoginStepDefinition - Successfully logged in and navigated to Accounts Overview.
  When Click login                                                                                                          # stepDefinitions.LoginStepDefinition.click_login()
Test passed
[INFO ] 2025-03-24 15:57:49.569 [TestNG-test-Chrome TestNgRunner Testng-1] LoginStepDefinition - logged in to Para Bank
logged in to Para Bank:
ParaBank | Accounts Overview
  And User is logged in to the website                                                                                      # stepDefinitions.LoginStepDefinition.user_is_logged_in_to_the_website()
Test passed
Successful login
[INFO ] 2025-03-24 15:57:49.857 [TestNG-test-Chrome TestNgRunner Testng-1] LoginStepDefinition - Successful login
  Then I validate the credentials                                                                                           # stepDefinitions.LoginStepDefinition.i_validate_the_credentials()
Test passed
[INFO ] 2025-03-24 15:57:50.290 [TestNG-test-Chrome TestNgRunner Testng-1] WebDriverFactory - WebDriver initialized: null
[INFO ] 2025-03-24 15:57:50.291 [TestNG-test-Chrome TestNgRunner Testng-1] WebDriverFactory - WebDriver quit: null
[INFO ] 2025-03-24 15:57:50.291 [TestNG-test-Chrome TestNgRunner Testng-1] WebDriverFactory - WebDriver closed.
Teardown: Browser closed.
]]></system-out>
    <system-err><![CDATA[log4j:WARN No appenders could be found for logger (freemarker.cache).
log4j:WARN Please initialize the log4j system properly.
log4j:WARN See http://logging.apache.org/log4j/1.2/faq.html#noconfig for more info.
Starting ChromeDriver 134.0.6998.165 (fd886e2cb29dd984c13deec032832dee68d8abe3-refs/branch-heads/6998@{#2122}) on port 63598
Only local connections are allowed.
Please see https://chromedriver.chromium.org/security-considerations for suggestions on keeping ChromeDriver safe.
ChromeDriver was started successfully on port 63598.
Mar 24, 2025 3:57:42 PM org.openqa.selenium.remote.ProtocolHandshake createSession
INFO: Detected dialect: W3C
Mar 24, 2025 3:57:42 PM org.openqa.selenium.devtools.CdpVersionFinder findNearestMatch
WARNING: Unable to find an exact match for CDP version 134, so returning the closest version found: 132
Mar 24, 2025 3:57:42 PM org.openqa.selenium.devtools.CdpVersionFinder findNearestMatch
INFO: Found CDP implementation for version 134 of 132
]]></system-err>
  </testcase>
  <testcase name="runScenario[&quot;Login with credentails&quot;, &quot;Register in to the website&quot;](1)" classname="testRunner.TestNgRunner" time="6.737">
    <system-out><![CDATA[15:58:15.831 [TestNG-test-Chrome TestNgRunner Testng-1] DEBUG c.a.c.p.ChainTestCucumberListener - Scenario start: Login with credentails
15:58:15.832 [TestNG-test-Chrome TestNgRunner Testng-1] DEBUG c.a.c.p.ChainTestCucumberListener - Step starting: I navigate to "<website>"
15:58:15.832 [TestNG-test-Chrome TestNgRunner Testng-1] DEBUG c.a.c.p.ChainTestCucumberListener - Step ending: Given I navigate to "<website>"
15:58:15.832 [TestNG-test-Chrome TestNgRunner Testng-1] DEBUG c.a.c.p.ChainTestCucumberListener - Step starting: I fill user details "<First Name>", "<Last Name>", "<Address>", "<City>", "<State>", "<ZipCode>", "<Phone>", "<SSN>"
15:58:15.833 [TestNG-test-Chrome TestNgRunner Testng-1] DEBUG c.a.c.p.ChainTestCucumberListener - Step ending: Then I fill user details "<First Name>", "<Last Name>", "<Address>", "<City>", "<State>", "<ZipCode>", "<Phone>", "<SSN>"
15:58:15.833 [TestNG-test-Chrome TestNgRunner Testng-1] DEBUG c.a.c.p.ChainTestCucumberListener - Step starting: I enter "<Username>", "<Password>", and "<Confirm Password>"
15:58:15.833 [TestNG-test-Chrome TestNgRunner Testng-1] DEBUG c.a.c.p.ChainTestCucumberListener - Step ending: And I enter "<Username>", "<Password>", and "<Confirm Password>"
15:58:15.833 [TestNG-test-Chrome TestNgRunner Testng-1] DEBUG c.a.c.p.ChainTestCucumberListener - Step starting: I submit on Register button
15:58:15.833 [TestNG-test-Chrome TestNgRunner Testng-1] DEBUG c.a.c.p.ChainTestCucumberListener - Step ending: When I submit on Register button
15:58:15.833 [TestNG-test-Chrome TestNgRunner Testng-1] DEBUG c.a.c.p.ChainTestCucumberListener - Step starting: I should be successfully navigated to the accounts page
15:58:15.833 [TestNG-test-Chrome TestNgRunner Testng-1] DEBUG c.a.c.p.ChainTestCucumberListener - Step ending: Then I should be successfully navigated to the accounts page
15:58:15.833 [TestNG-test-Chrome TestNgRunner Testng-1] DEBUG c.a.c.p.ChainTestCucumberListener - Step starting: I am in LoginPage
15:58:15.833 [TestNG-test-Chrome TestNgRunner Testng-1] DEBUG c.a.c.p.ChainTestCucumberListener - Step ending: Given I am in LoginPage
15:58:15.833 [TestNG-test-Chrome TestNgRunner Testng-1] DEBUG c.a.c.p.ChainTestCucumberListener - Step starting: I enter the registered username "<generated_username>" and password "<generated_password>"
15:58:15.833 [TestNG-test-Chrome TestNgRunner Testng-1] DEBUG c.a.c.p.ChainTestCucumberListener - Step ending: When I enter the registered username "<generated_username>" and password "<generated_password>"
15:58:15.833 [TestNG-test-Chrome TestNgRunner Testng-1] DEBUG c.a.c.p.ChainTestCucumberListener - Step starting: Click login
15:58:15.833 [TestNG-test-Chrome TestNgRunner Testng-1] DEBUG c.a.c.p.ChainTestCucumberListener - Step ending: When Click login
15:58:15.833 [TestNG-test-Chrome TestNgRunner Testng-1] DEBUG c.a.c.p.ChainTestCucumberListener - Step starting: User is logged in to the website
15:58:15.833 [TestNG-test-Chrome TestNgRunner Testng-1] DEBUG c.a.c.p.ChainTestCucumberListener - Step ending: And User is logged in to the website
15:58:15.833 [TestNG-test-Chrome TestNgRunner Testng-1] DEBUG c.a.c.p.ChainTestCucumberListener - Step starting: I validate the credentials
15:58:15.833 [TestNG-test-Chrome TestNgRunner Testng-1] DEBUG c.a.c.p.ChainTestCucumberListener - Step ending: Then I validate the credentials
15:58:15.834 [TestNG-test-Chrome TestNgRunner Testng-1] DEBUG c.a.c.p.ChainTestCucumberListener - Scenario end: Login with credentails
15:58:15.837 [TestNG-test-Chrome TestNgRunner Testng-1] DEBUG c.a.c.p.ChainTestCucumberListener - Scenario start: Open New Account
15:58:15.838 [TestNG-test-Chrome TestNgRunner Testng-1] DEBUG c.a.c.p.ChainTestCucumberListener - Step starting: I navigate to "<website>"
15:58:15.838 [TestNG-test-Chrome TestNgRunner Testng-1] DEBUG c.a.c.p.ChainTestCucumberListener - Step ending: Given I navigate to "<website>"
15:58:15.839 [TestNG-test-Chrome TestNgRunner Testng-1] DEBUG c.a.c.p.ChainTestCucumberListener - Step starting: I fill user details "<First Name>", "<Last Name>", "<Address>", "<City>", "<State>", "<ZipCode>", "<Phone>", "<SSN>"
15:58:15.839 [TestNG-test-Chrome TestNgRunner Testng-1] DEBUG c.a.c.p.ChainTestCucumberListener - Step ending: Then I fill user details "<First Name>", "<Last Name>", "<Address>", "<City>", "<State>", "<ZipCode>", "<Phone>", "<SSN>"
15:58:15.839 [TestNG-test-Chrome TestNgRunner Testng-1] DEBUG c.a.c.p.ChainTestCucumberListener - Step starting: I enter "<Username>", "<Password>", and "<Confirm Password>"
15:58:15.839 [TestNG-test-Chrome TestNgRunner Testng-1] DEBUG c.a.c.p.ChainTestCucumberListener - Step ending: And I enter "<Username>", "<Password>", and "<Confirm Password>"
15:58:15.839 [TestNG-test-Chrome TestNgRunner Testng-1] DEBUG c.a.c.p.ChainTestCucumberListener - Step starting: I submit on Register button
15:58:15.839 [TestNG-test-Chrome TestNgRunner Testng-1] DEBUG c.a.c.p.ChainTestCucumberListener - Step ending: When I submit on Register button
15:58:15.839 [TestNG-test-Chrome TestNgRunner Testng-1] DEBUG c.a.c.p.ChainTestCucumberListener - Step starting: I should be successfully navigated to the accounts page
15:58:15.839 [TestNG-test-Chrome TestNgRunner Testng-1] DEBUG c.a.c.p.ChainTestCucumberListener - Step ending: Then I should be successfully navigated to the accounts page
15:58:15.839 [TestNG-test-Chrome TestNgRunner Testng-1] DEBUG c.a.c.p.ChainTestCucumberListener - Step starting: In front page I click "Open New Account"
15:58:15.839 [TestNG-test-Chrome TestNgRunner Testng-1] DEBUG c.a.c.p.ChainTestCucumberListener - Step ending: Given In front page I click "Open New Account"
15:58:15.839 [TestNG-test-Chrome TestNgRunner Testng-1] DEBUG c.a.c.p.ChainTestCucumberListener - Step starting: I should see the account creation page
15:58:15.839 [TestNG-test-Chrome TestNgRunner Testng-1] DEBUG c.a.c.p.ChainTestCucumberListener - Step ending: Then I should see the account creation page
15:58:15.839 [TestNG-test-Chrome TestNgRunner Testng-1] DEBUG c.a.c.p.ChainTestCucumberListener - Step starting: I click open new account
15:58:15.839 [TestNG-test-Chrome TestNgRunner Testng-1] DEBUG c.a.c.p.ChainTestCucumberListener - Step ending: When I click open new account
15:58:15.840 [TestNG-test-Chrome TestNgRunner Testng-1] DEBUG c.a.c.p.ChainTestCucumberListener - Step starting: I select account type
15:58:15.840 [TestNG-test-Chrome TestNgRunner Testng-1] DEBUG c.a.c.p.ChainTestCucumberListener - Step ending: Then I select account type
15:58:15.840 [TestNG-test-Chrome TestNgRunner Testng-1] DEBUG c.a.c.p.ChainTestCucumberListener - Step starting: I enter deposit ammount
15:58:15.840 [TestNG-test-Chrome TestNgRunner Testng-1] DEBUG c.a.c.p.ChainTestCucumberListener - Step ending: Then I enter deposit ammount
15:58:15.840 [TestNG-test-Chrome TestNgRunner Testng-1] DEBUG c.a.c.p.ChainTestCucumberListener - Step starting: I create new account
15:58:15.840 [TestNG-test-Chrome TestNgRunner Testng-1] DEBUG c.a.c.p.ChainTestCucumberListener - Step ending: And I create new account
15:58:15.840 [TestNG-test-Chrome TestNgRunner Testng-1] DEBUG c.a.c.p.ChainTestCucumberListener - Step starting: I get success message for account creation
15:58:15.840 [TestNG-test-Chrome TestNgRunner Testng-1] DEBUG c.a.c.p.ChainTestCucumberListener - Step ending: Then I get success message for account creation
15:58:15.840 [TestNG-test-Chrome TestNgRunner Testng-1] DEBUG c.a.c.p.ChainTestCucumberListener - Scenario end: Open New Account
15:58:15.842 [TestNG-test-Chrome TestNgRunner Testng-1] DEBUG c.a.c.p.ChainTestCucumberListener - Scenario start: Transfer fund to New Account
15:58:15.843 [TestNG-test-Chrome TestNgRunner Testng-1] DEBUG c.a.c.p.ChainTestCucumberListener - Step starting: I navigate to "<website>"
15:58:15.843 [TestNG-test-Chrome TestNgRunner Testng-1] DEBUG c.a.c.p.ChainTestCucumberListener - Step ending: Given I navigate to "<website>"
15:58:15.843 [TestNG-test-Chrome TestNgRunner Testng-1] DEBUG c.a.c.p.ChainTestCucumberListener - Step starting: I fill user details "<First Name>", "<Last Name>", "<Address>", "<City>", "<State>", "<ZipCode>", "<Phone>", "<SSN>"
15:58:15.843 [TestNG-test-Chrome TestNgRunner Testng-1] DEBUG c.a.c.p.ChainTestCucumberListener - Step ending: Then I fill user details "<First Name>", "<Last Name>", "<Address>", "<City>", "<State>", "<ZipCode>", "<Phone>", "<SSN>"
15:58:15.843 [TestNG-test-Chrome TestNgRunner Testng-1] DEBUG c.a.c.p.ChainTestCucumberListener - Step starting: I enter "<Username>", "<Password>", and "<Confirm Password>"
15:58:15.843 [TestNG-test-Chrome TestNgRunner Testng-1] DEBUG c.a.c.p.ChainTestCucumberListener - Step ending: And I enter "<Username>", "<Password>", and "<Confirm Password>"
15:58:15.843 [TestNG-test-Chrome TestNgRunner Testng-1] DEBUG c.a.c.p.ChainTestCucumberListener - Step starting: I submit on Register button
15:58:15.843 [TestNG-test-Chrome TestNgRunner Testng-1] DEBUG c.a.c.p.ChainTestCucumberListener - Step ending: When I submit on Register button
15:58:15.843 [TestNG-test-Chrome TestNgRunner Testng-1] DEBUG c.a.c.p.ChainTestCucumberListener - Step starting: I should be successfully navigated to the accounts page
15:58:15.843 [TestNG-test-Chrome TestNgRunner Testng-1] DEBUG c.a.c.p.ChainTestCucumberListener - Step ending: Then I should be successfully navigated to the accounts page
15:58:15.844 [TestNG-test-Chrome TestNgRunner Testng-1] DEBUG c.a.c.p.ChainTestCucumberListener - Step starting: In front page I click "Open New Account"
15:58:15.844 [TestNG-test-Chrome TestNgRunner Testng-1] DEBUG c.a.c.p.ChainTestCucumberListener - Step ending: Given In front page I click "Open New Account"
15:58:15.844 [TestNG-test-Chrome TestNgRunner Testng-1] DEBUG c.a.c.p.ChainTestCucumberListener - Step starting: I should see the account creation page
15:58:15.844 [TestNG-test-Chrome TestNgRunner Testng-1] DEBUG c.a.c.p.ChainTestCucumberListener - Step ending: Then I should see the account creation page
15:58:15.844 [TestNG-test-Chrome TestNgRunner Testng-1] DEBUG c.a.c.p.ChainTestCucumberListener - Step starting: I click open new account
15:58:15.844 [TestNG-test-Chrome TestNgRunner Testng-1] DEBUG c.a.c.p.ChainTestCucumberListener - Step ending: When I click open new account
15:58:15.844 [TestNG-test-Chrome TestNgRunner Testng-1] DEBUG c.a.c.p.ChainTestCucumberListener - Step starting: I select account type
15:58:15.844 [TestNG-test-Chrome TestNgRunner Testng-1] DEBUG c.a.c.p.ChainTestCucumberListener - Step ending: Then I select account type
15:58:15.844 [TestNG-test-Chrome TestNgRunner Testng-1] DEBUG c.a.c.p.ChainTestCucumberListener - Step starting: I enter deposit ammount
15:58:15.845 [TestNG-test-Chrome TestNgRunner Testng-1] DEBUG c.a.c.p.ChainTestCucumberListener - Step ending: Then I enter deposit ammount
15:58:15.845 [TestNG-test-Chrome TestNgRunner Testng-1] DEBUG c.a.c.p.ChainTestCucumberListener - Step starting: I create new account
15:58:15.845 [TestNG-test-Chrome TestNgRunner Testng-1] DEBUG c.a.c.p.ChainTestCucumberListener - Step ending: And I create new account
15:58:15.845 [TestNG-test-Chrome TestNgRunner Testng-1] DEBUG c.a.c.p.ChainTestCucumberListener - Step starting: I get success message for account creation
15:58:15.846 [TestNG-test-Chrome TestNgRunner Testng-1] DEBUG c.a.c.p.ChainTestCucumberListener - Step ending: Then I get success message for account creation
15:58:15.847 [TestNG-test-Chrome TestNgRunner Testng-1] DEBUG c.a.c.p.ChainTestCucumberListener - Step starting: I click TransferFunds
15:58:15.847 [TestNG-test-Chrome TestNgRunner Testng-1] DEBUG c.a.c.p.ChainTestCucumberListener - Step ending: Given I click TransferFunds
15:58:15.847 [TestNG-test-Chrome TestNgRunner Testng-1] DEBUG c.a.c.p.ChainTestCucumberListener - Step starting: I enter amount to transfer
15:58:15.847 [TestNG-test-Chrome TestNgRunner Testng-1] DEBUG c.a.c.p.ChainTestCucumberListener - Step ending: Then I enter amount to transfer
15:58:15.847 [TestNG-test-Chrome TestNgRunner Testng-1] DEBUG c.a.c.p.ChainTestCucumberListener - Step starting: I select From account and To account
15:58:15.847 [TestNG-test-Chrome TestNgRunner Testng-1] DEBUG c.a.c.p.ChainTestCucumberListener - Step ending: Then I select From account and To account
15:58:15.848 [TestNG-test-Chrome TestNgRunner Testng-1] DEBUG c.a.c.p.ChainTestCucumberListener - Step starting: I submit Transfer button
15:58:15.848 [TestNG-test-Chrome TestNgRunner Testng-1] DEBUG c.a.c.p.ChainTestCucumberListener - Step ending: Then I submit Transfer button
15:58:15.848 [TestNG-test-Chrome TestNgRunner Testng-1] DEBUG c.a.c.p.ChainTestCucumberListener - Step starting: I should see the success message
15:58:15.848 [TestNG-test-Chrome TestNgRunner Testng-1] DEBUG c.a.c.p.ChainTestCucumberListener - Step ending: Then I should see the success message
15:58:15.848 [TestNG-test-Chrome TestNgRunner Testng-1] DEBUG c.a.c.p.ChainTestCucumberListener - Step starting: I should see the new balance in the account
15:58:15.848 [TestNG-test-Chrome TestNgRunner Testng-1] DEBUG c.a.c.p.ChainTestCucumberListener - Step ending: And I should see the new balance in the account
15:58:15.848 [TestNG-test-Chrome TestNgRunner Testng-1] DEBUG c.a.c.p.ChainTestCucumberListener - Scenario end: Transfer fund to New Account
15:58:15.849 [TestNG-test-Chrome TestNgRunner Testng-1] DEBUG c.a.c.p.ChainTestCucumberListener - Scenario start: Open New Account and Apply for Loan
15:58:15.849 [TestNG-test-Chrome TestNgRunner Testng-1] DEBUG c.a.c.p.ChainTestCucumberListener - Step starting: I navigate to "<website>"
15:58:15.849 [TestNG-test-Chrome TestNgRunner Testng-1] DEBUG c.a.c.p.ChainTestCucumberListener - Step ending: Given I navigate to "<website>"
15:58:15.849 [TestNG-test-Chrome TestNgRunner Testng-1] DEBUG c.a.c.p.ChainTestCucumberListener - Step starting: I fill user details "<First Name>", "<Last Name>", "<Address>", "<City>", "<State>", "<ZipCode>", "<Phone>", "<SSN>"
15:58:15.849 [TestNG-test-Chrome TestNgRunner Testng-1] DEBUG c.a.c.p.ChainTestCucumberListener - Step ending: Then I fill user details "<First Name>", "<Last Name>", "<Address>", "<City>", "<State>", "<ZipCode>", "<Phone>", "<SSN>"
15:58:15.849 [TestNG-test-Chrome TestNgRunner Testng-1] DEBUG c.a.c.p.ChainTestCucumberListener - Step starting: I enter "<Username>", "<Password>", and "<Confirm Password>"
15:58:15.849 [TestNG-test-Chrome TestNgRunner Testng-1] DEBUG c.a.c.p.ChainTestCucumberListener - Step ending: And I enter "<Username>", "<Password>", and "<Confirm Password>"
15:58:15.849 [TestNG-test-Chrome TestNgRunner Testng-1] DEBUG c.a.c.p.ChainTestCucumberListener - Step starting: I submit on Register button
15:58:15.849 [TestNG-test-Chrome TestNgRunner Testng-1] DEBUG c.a.c.p.ChainTestCucumberListener - Step ending: When I submit on Register button
15:58:15.849 [TestNG-test-Chrome TestNgRunner Testng-1] DEBUG c.a.c.p.ChainTestCucumberListener - Step starting: I should be successfully navigated to the accounts page
15:58:15.849 [TestNG-test-Chrome TestNgRunner Testng-1] DEBUG c.a.c.p.ChainTestCucumberListener - Step ending: Then I should be successfully navigated to the accounts page
15:58:15.849 [TestNG-test-Chrome TestNgRunner Testng-1] DEBUG c.a.c.p.ChainTestCucumberListener - Step starting: In front page I click "Open New Account"
15:58:15.849 [TestNG-test-Chrome TestNgRunner Testng-1] DEBUG c.a.c.p.ChainTestCucumberListener - Step ending: Given In front page I click "Open New Account"
15:58:15.849 [TestNG-test-Chrome TestNgRunner Testng-1] DEBUG c.a.c.p.ChainTestCucumberListener - Step starting: I should see the account creation page
15:58:15.849 [TestNG-test-Chrome TestNgRunner Testng-1] DEBUG c.a.c.p.ChainTestCucumberListener - Step ending: Then I should see the account creation page
15:58:15.849 [TestNG-test-Chrome TestNgRunner Testng-1] DEBUG c.a.c.p.ChainTestCucumberListener - Step starting: I click open new account
15:58:15.849 [TestNG-test-Chrome TestNgRunner Testng-1] DEBUG c.a.c.p.ChainTestCucumberListener - Step ending: When I click open new account
15:58:15.849 [TestNG-test-Chrome TestNgRunner Testng-1] DEBUG c.a.c.p.ChainTestCucumberListener - Step starting: I select account type
15:58:15.849 [TestNG-test-Chrome TestNgRunner Testng-1] DEBUG c.a.c.p.ChainTestCucumberListener - Step ending: Then I select account type
15:58:15.849 [TestNG-test-Chrome TestNgRunner Testng-1] DEBUG c.a.c.p.ChainTestCucumberListener - Step starting: I enter deposit ammount
15:58:15.850 [TestNG-test-Chrome TestNgRunner Testng-1] DEBUG c.a.c.p.ChainTestCucumberListener - Step ending: Then I enter deposit ammount
15:58:15.850 [TestNG-test-Chrome TestNgRunner Testng-1] DEBUG c.a.c.p.ChainTestCucumberListener - Step starting: I create new account
15:58:15.850 [TestNG-test-Chrome TestNgRunner Testng-1] DEBUG c.a.c.p.ChainTestCucumberListener - Step ending: And I create new account
15:58:15.850 [TestNG-test-Chrome TestNgRunner Testng-1] DEBUG c.a.c.p.ChainTestCucumberListener - Step starting: I get success message for account creation
15:58:15.850 [TestNG-test-Chrome TestNgRunner Testng-1] DEBUG c.a.c.p.ChainTestCucumberListener - Step ending: Then I get success message for account creation
15:58:15.850 [TestNG-test-Chrome TestNgRunner Testng-1] DEBUG c.a.c.p.ChainTestCucumberListener - Step starting: I click request Loan
15:58:15.850 [TestNG-test-Chrome TestNgRunner Testng-1] DEBUG c.a.c.p.ChainTestCucumberListener - Step ending: Then I click request Loan
15:58:15.850 [TestNG-test-Chrome TestNgRunner Testng-1] DEBUG c.a.c.p.ChainTestCucumberListener - Step starting: I enter loan amount
15:58:15.850 [TestNG-test-Chrome TestNgRunner Testng-1] DEBUG c.a.c.p.ChainTestCucumberListener - Step ending: Then I enter loan amount
15:58:15.850 [TestNG-test-Chrome TestNgRunner Testng-1] DEBUG c.a.c.p.ChainTestCucumberListener - Step starting: I enter down payment amount
15:58:15.850 [TestNG-test-Chrome TestNgRunner Testng-1] DEBUG c.a.c.p.ChainTestCucumberListener - Step ending: Then I enter down payment amount
15:58:15.850 [TestNG-test-Chrome TestNgRunner Testng-1] DEBUG c.a.c.p.ChainTestCucumberListener - Step starting: I select From Account
15:58:15.850 [TestNG-test-Chrome TestNgRunner Testng-1] DEBUG c.a.c.p.ChainTestCucumberListener - Step ending: Then I select From Account
15:58:15.850 [TestNG-test-Chrome TestNgRunner Testng-1] DEBUG c.a.c.p.ChainTestCucumberListener - Step starting: I submit loan request
15:58:15.850 [TestNG-test-Chrome TestNgRunner Testng-1] DEBUG c.a.c.p.ChainTestCucumberListener - Step ending: Then I submit loan request
15:58:15.850 [TestNG-test-Chrome TestNgRunner Testng-1] DEBUG c.a.c.p.ChainTestCucumberListener - Step starting: I should see the success message for loan approved
15:58:15.850 [TestNG-test-Chrome TestNgRunner Testng-1] DEBUG c.a.c.p.ChainTestCucumberListener - Step ending: Then I should see the success message for loan approved
15:58:15.850 [TestNG-test-Chrome TestNgRunner Testng-1] DEBUG c.a.c.p.ChainTestCucumberListener - Scenario end: Open New Account and Apply for Loan
15:58:15.860 [TestNG-test-Chrome TestNgRunner Testng-1] DEBUG c.a.c.p.ChainTestCucumberListener - Preparing to finalize and send Feature [Feature: I open new account and transfer fund]: file:///C:/Users/nreka/vscodedevops/parabank/src/test/resources/features/03_TransferFund.feature
15:58:15.861 [TestNG-test-Chrome TestNgRunner Testng-1] DEBUG c.a.c.p.ChainTestCucumberListener - Preparing to finalize and send Feature [Feature: Register in to the website]: file:///C:/Users/nreka/vscodedevops/parabank/src/test/resources/features/01_Login.feature
15:58:15.861 [TestNG-test-Chrome TestNgRunner Testng-1] DEBUG c.a.c.p.ChainTestCucumberListener - Preparing to finalize and send Feature [Feature: I request loan from the bank]: file:///C:/Users/nreka/vscodedevops/parabank/src/test/resources/features/04_RequestLoan.feature
15:58:15.861 [TestNG-test-Chrome TestNgRunner Testng-1] DEBUG c.a.c.p.ChainTestCucumberListener - Preparing to finalize and send Feature [Feature: I open new account]: file:///C:/Users/nreka/vscodedevops/parabank/src/test/resources/features/02_Account.feature
Running tests on: chrome

@register @login @username=<generated_username> @password=<generated_password>
Scenario: Login with credentails                                                                                            # src/test/resources/features/01_Login.feature:14
[INFO ] 2025-03-24 15:58:15.965 [TestNG-test-Firefox TestNgRunner Testng-1] WebDriverFactory - Initializing WebDriver for browser: chrome
[INFO ] 2025-03-24 15:58:16.787 [TestNG-test-Firefox TestNgRunner Testng-1] Loggerload - Register_App_URL
[INFO ] 2025-03-24 15:58:16.787 [TestNG-test-Firefox TestNgRunner Testng-1] RegisterStepDefinition - Opening ParaBank registration page: https://parabank.parasoft.com/parabank/register.htm
  Given I navigate to "<website>"                                                                                           # stepDefinitions.RegisterStepDefinition.i_navigate_to(java.lang.String)
Test passed
[INFO ] 2025-03-24 15:58:17.934 [TestNG-test-Firefox TestNgRunner Testng-1] RegisterStepDefinition - Filling user details on registration form
[INFO ] 2025-03-24 15:58:18.338 [TestNG-test-Firefox TestNgRunner Testng-1] RegisterStepDefinition - User details filled successfully
  Then I fill user details "<First Name>", "<Last Name>", "<Address>", "<City>", "<State>", "<ZipCode>", "<Phone>", "<SSN>" # stepDefinitions.RegisterStepDefinition.i_fill_user_details(java.lang.String,java.lang.String,java.lang.String,java.lang.String,java.lang.String,java.lang.String,java.lang.String,java.lang.String)
Test passed
[INFO ] 2025-03-24 15:58:18.617 [TestNG-test-Firefox TestNgRunner Testng-1] RegisterStepDefinition - Generating random credentials for registration
[INFO ] 2025-03-24 15:58:18.617 [TestNG-test-Firefox TestNgRunner Testng-1] RegisterStepDefinition - Generated Username: TestUser5190
[INFO ] 2025-03-24 15:58:18.617 [TestNG-test-Firefox TestNgRunner Testng-1] RegisterStepDefinition - Generated Password: Test@59
[INFO ] 2025-03-24 15:58:18.991 [TestNG-test-Firefox TestNgRunner Testng-1] RegisterStepDefinition - Entered credentials successfully: TestUser5190 / Test@59
  And I enter "<Username>", "<Password>", and "<Confirm Password>"                                                          # stepDefinitions.RegisterStepDefinition.i_enter_and(java.lang.String,java.lang.String,java.lang.String)
Test passed
[INFO ] 2025-03-24 15:58:19.338 [TestNG-test-Firefox TestNgRunner Testng-1] RegisterStepDefinition - Submitting registration form
[INFO ] 2025-03-24 15:58:19.338 [TestNG-test-Firefox TestNgRunner Testng-1] RegisterStepDefinition - Registration form submitted successfully.
  When I submit on Register button                                                                                          # stepDefinitions.RegisterStepDefinition.i_submit_on_register_button()
Test passed
[INFO ] 2025-03-24 15:58:19.630 [TestNG-test-Firefox TestNgRunner Testng-1] RegisterStepDefinition - Actual page title after registration: ParaBank | Customer Created
Welcome message is: Welcome TestUser5190
[INFO ] 2025-03-24 15:58:19.649 [TestNG-test-Firefox TestNgRunner Testng-1] RegisterStepDefinition - Registration success message: Welcome TestUser5190
Welcome message is: Your account was created successfully. You are now logged in.
[INFO ] 2025-03-24 15:58:19.662 [TestNG-test-Firefox TestNgRunner Testng-1] RegisterStepDefinition - Registration success message: Your account was created successfully. You are now logged in.
  Then I should be successfully navigated to the accounts page                                                              # stepDefinitions.RegisterStepDefinition.i_should_be_successfully_navigated_to_the_accounts_page()
Test passed
[INFO ] 2025-03-24 15:58:19.956 [TestNG-test-Firefox TestNgRunner Testng-1] Loggerload - Login App URL
[INFO ] 2025-03-24 15:58:19.956 [TestNG-test-Firefox TestNgRunner Testng-1] Loggerload - Element found and now performing Click
In Login Page
[INFO ] 2025-03-24 15:58:20.211 [TestNG-test-Firefox TestNgRunner Testng-1] LoginStepDefinition - I am in Login Page
  Given I am in LoginPage                                                                                                   # stepDefinitions.LoginStepDefinition.i_am_in_login_page()
Test passed
[INFO ] 2025-03-24 15:58:20.681 [TestNG-test-Firefox TestNgRunner Testng-1] LoginStepDefinition - Entering credentials: TestUser5190 / Test@59
[INFO ] 2025-03-24 15:58:20.777 [TestNG-test-Firefox TestNgRunner Testng-1] LoginStepDefinition - Entered credentials successfully.
  When I enter the registered username "<generated_username>" and password "<generated_password>"                           # stepDefinitions.LoginStepDefinition.i_enter_the_registered_username_and_password(java.lang.String,java.lang.String)
Test passed
[INFO ] 2025-03-24 15:58:21.096 [TestNG-test-Firefox TestNgRunner Testng-1] LoginStepDefinition - click login
[INFO ] 2025-03-24 15:58:21.100 [TestNG-test-Firefox TestNgRunner Testng-1] LoginStepDefinition - Check if already logged in, if not, then login
[INFO ] 2025-03-24 15:58:21.126 [TestNG-test-Firefox TestNgRunner Testng-1] Loggerload - Element found and now performing Click
[INFO ] 2025-03-24 15:58:21.574 [TestNG-test-Firefox TestNgRunner Testng-1] LoginStepDefinition - Successfully logged in and navigated to Accounts Overview.
  When Click login                                                                                                          # stepDefinitions.LoginStepDefinition.click_login()
Test passed
[INFO ] 2025-03-24 15:58:21.927 [TestNG-test-Firefox TestNgRunner Testng-1] LoginStepDefinition - logged in to Para Bank
logged in to Para Bank:
ParaBank | Accounts Overview
  And User is logged in to the website                                                                                      # stepDefinitions.LoginStepDefinition.user_is_logged_in_to_the_website()
Test passed
Successful login
[INFO ] 2025-03-24 15:58:22.227 [TestNG-test-Firefox TestNgRunner Testng-1] LoginStepDefinition - Successful login
  Then I validate the credentials                                                                                           # stepDefinitions.LoginStepDefinition.i_validate_the_credentials()
Test passed
[INFO ] 2025-03-24 15:58:22.672 [TestNG-test-Firefox TestNgRunner Testng-1] WebDriverFactory - WebDriver initialized: null
[INFO ] 2025-03-24 15:58:22.672 [TestNG-test-Firefox TestNgRunner Testng-1] WebDriverFactory - WebDriver quit: null
[INFO ] 2025-03-24 15:58:22.673 [TestNG-test-Firefox TestNgRunner Testng-1] WebDriverFactory - WebDriver closed.
Teardown: Browser closed.
]]></system-out>
    <system-err><![CDATA[Starting ChromeDriver 134.0.6998.165 (fd886e2cb29dd984c13deec032832dee68d8abe3-refs/branch-heads/6998@{#2122}) on port 61236
Only local connections are allowed.
Please see https://chromedriver.chromium.org/security-considerations for suggestions on keeping ChromeDriver safe.
ChromeDriver was started successfully on port 61236.
Mar 24, 2025 3:58:16 PM org.openqa.selenium.remote.ProtocolHandshake createSession
INFO: Detected dialect: W3C
Mar 24, 2025 3:58:16 PM org.openqa.selenium.devtools.CdpVersionFinder findNearestMatch
WARNING: Unable to find an exact match for CDP version 134, so returning the closest version found: 132
Mar 24, 2025 3:58:16 PM org.openqa.selenium.devtools.CdpVersionFinder findNearestMatch
INFO: Found CDP implementation for version 134 of 132
]]></system-err>
  </testcase>
  <testcase name="runScenario[&quot;Open New Account&quot;, &quot;I open new account&quot;](2)" classname="testRunner.TestNgRunner" time="6.846">
    <system-out><![CDATA[
@registerOpenAccount @openAccount
Scenario: Open New Account                                                                                                  # src/test/resources/features/02_Account.feature:13
[INFO ] 2025-03-24 15:57:50.323 [TestNG-test-Chrome TestNgRunner Testng-1] WebDriverFactory - Initializing WebDriver for browser: chrome
[INFO ] 2025-03-24 15:57:51.028 [TestNG-test-Chrome TestNgRunner Testng-1] Loggerload - Register_App_URL
[INFO ] 2025-03-24 15:57:51.028 [TestNG-test-Chrome TestNgRunner Testng-1] RegisterStepDefinition - Opening ParaBank registration page: https://parabank.parasoft.com/parabank/register.htm
  Given I navigate to "<website>"                                                                                           # stepDefinitions.RegisterStepDefinition.i_navigate_to(java.lang.String)
Test passed
[INFO ] 2025-03-24 15:57:52.135 [TestNG-test-Chrome TestNgRunner Testng-1] RegisterStepDefinition - Filling user details on registration form
[INFO ] 2025-03-24 15:57:52.543 [TestNG-test-Chrome TestNgRunner Testng-1] RegisterStepDefinition - User details filled successfully
  Then I fill user details "<First Name>", "<Last Name>", "<Address>", "<City>", "<State>", "<ZipCode>", "<Phone>", "<SSN>" # stepDefinitions.RegisterStepDefinition.i_fill_user_details(java.lang.String,java.lang.String,java.lang.String,java.lang.String,java.lang.String,java.lang.String,java.lang.String,java.lang.String)
Test passed
[INFO ] 2025-03-24 15:57:52.837 [TestNG-test-Chrome TestNgRunner Testng-1] RegisterStepDefinition - Generating random credentials for registration
[INFO ] 2025-03-24 15:57:52.837 [TestNG-test-Chrome TestNgRunner Testng-1] RegisterStepDefinition - Generated Username: TestUser2865
[INFO ] 2025-03-24 15:57:52.837 [TestNG-test-Chrome TestNgRunner Testng-1] RegisterStepDefinition - Generated Password: Test@147
[INFO ] 2025-03-24 15:57:53.236 [TestNG-test-Chrome TestNgRunner Testng-1] RegisterStepDefinition - Entered credentials successfully: TestUser2865 / Test@147
  And I enter "<Username>", "<Password>", and "<Confirm Password>"                                                          # stepDefinitions.RegisterStepDefinition.i_enter_and(java.lang.String,java.lang.String,java.lang.String)
Test passed
[INFO ] 2025-03-24 15:57:53.603 [TestNG-test-Chrome TestNgRunner Testng-1] RegisterStepDefinition - Submitting registration form
[INFO ] 2025-03-24 15:57:53.603 [TestNG-test-Chrome TestNgRunner Testng-1] RegisterStepDefinition - Registration form submitted successfully.
  When I submit on Register button                                                                                          # stepDefinitions.RegisterStepDefinition.i_submit_on_register_button()
Test passed
[INFO ] 2025-03-24 15:57:53.930 [TestNG-test-Chrome TestNgRunner Testng-1] RegisterStepDefinition - Actual page title after registration: ParaBank | Customer Created
Welcome message is: Welcome TestUser2865
[INFO ] 2025-03-24 15:57:53.952 [TestNG-test-Chrome TestNgRunner Testng-1] RegisterStepDefinition - Registration success message: Welcome TestUser2865
Welcome message is: Your account was created successfully. You are now logged in.
[INFO ] 2025-03-24 15:57:53.970 [TestNG-test-Chrome TestNgRunner Testng-1] RegisterStepDefinition - Registration success message: Your account was created successfully. You are now logged in.
  Then I should be successfully navigated to the accounts page                                                              # stepDefinitions.RegisterStepDefinition.i_should_be_successfully_navigated_to_the_accounts_page()
Test passed
[INFO ] 2025-03-24 15:57:54.240 [TestNG-test-Chrome TestNgRunner Testng-1] AccountStepDefinition - Clicking on: Open New Account
  Given In front page I click "Open New Account"                                                                            # stepDefinitions.AccountStepDefinition.in_front_page_i_click(java.lang.String)
Test passed
[INFO ] 2025-03-24 15:57:54.736 [TestNG-test-Chrome TestNgRunner Testng-1] AccountStepDefinition - Navigated to account creation page
48420
$1000.00
$1000.00
Total
$1000.00
 
[INFO ] 2025-03-24 15:57:54.782 [TestNG-test-Chrome TestNgRunner Testng-1] AccountStepDefinition - Got all details of the account
  Then I should see the account creation page                                                                               # stepDefinitions.AccountStepDefinition.i_should_see_the_account_creation_page()
Test passed
[INFO ] 2025-03-24 15:57:55.050 [TestNG-test-Chrome TestNgRunner Testng-1] AccountStepDefinition - Opening a new bank account
[INFO ] 2025-03-24 15:57:55.244 [TestNG-test-Chrome TestNgRunner Testng-1] AccountStepDefinition - clicked open new account
  When I click open new account                                                                                             # stepDefinitions.AccountStepDefinition.i_click_open_new_account()
Test passed
[INFO ] 2025-03-24 15:57:55.611 [TestNG-test-Chrome TestNgRunner Testng-1] AccountStepDefinition - Selected account type: Savings
  Then I select account type                                                                                                # stepDefinitions.AccountStepDefinition.i_select_account_type()
Test passed
[INFO ] 2025-03-24 15:57:55.997 [TestNG-test-Chrome TestNgRunner Testng-1] AccountStepDefinition - Input deposit amount: 1000
  Then I enter deposit ammount                                                                                              # stepDefinitions.AccountStepDefinition.i_enter_deposit_ammount()
Test passed
[INFO ] 2025-03-24 15:57:56.331 [TestNG-test-Chrome TestNgRunner Testng-1] AccountStepDefinition - Opened new account form
[INFO ] 2025-03-24 15:57:56.338 [TestNG-test-Chrome TestNgRunner Testng-1] AccountStepDefinition - Account created successfully
  And I create new account                                                                                                  # stepDefinitions.AccountStepDefinition.i_create_new_account()
Test passed
[INFO ] 2025-03-24 15:57:56.641 [TestNG-test-Chrome TestNgRunner Testng-1] AccountStepDefinition - Account opened successfully
  Then I get success message for account creation                                                                           # stepDefinitions.AccountStepDefinition.i_get_success_message_for_account_creation()
Test passed
[INFO ] 2025-03-24 15:57:57.159 [TestNG-test-Chrome TestNgRunner Testng-1] WebDriverFactory - WebDriver initialized: null
[INFO ] 2025-03-24 15:57:57.159 [TestNG-test-Chrome TestNgRunner Testng-1] WebDriverFactory - WebDriver quit: null
[INFO ] 2025-03-24 15:57:57.160 [TestNG-test-Chrome TestNgRunner Testng-1] WebDriverFactory - WebDriver closed.
Teardown: Browser closed.
]]></system-out>
    <system-err><![CDATA[Starting ChromeDriver 134.0.6998.165 (fd886e2cb29dd984c13deec032832dee68d8abe3-refs/branch-heads/6998@{#2122}) on port 62605
Only local connections are allowed.
Please see https://chromedriver.chromium.org/security-considerations for suggestions on keeping ChromeDriver safe.
ChromeDriver was started successfully on port 62605.
Mar 24, 2025 3:57:50 PM org.openqa.selenium.remote.ProtocolHandshake createSession
INFO: Detected dialect: W3C
Mar 24, 2025 3:57:50 PM org.openqa.selenium.devtools.CdpVersionFinder findNearestMatch
WARNING: Unable to find an exact match for CDP version 134, so returning the closest version found: 132
Mar 24, 2025 3:57:50 PM org.openqa.selenium.devtools.CdpVersionFinder findNearestMatch
INFO: Found CDP implementation for version 134 of 132
]]></system-err>
  </testcase>
  <testcase name="runScenario[&quot;Open New Account&quot;, &quot;I open new account&quot;](2)" classname="testRunner.TestNgRunner" time="6.917">
    <system-out><![CDATA[
@registerOpenAccount @openAccount
Scenario: Open New Account                                                                                                  # src/test/resources/features/02_Account.feature:13
[INFO ] 2025-03-24 15:58:22.681 [TestNG-test-Firefox TestNgRunner Testng-1] WebDriverFactory - Initializing WebDriver for browser: chrome
[INFO ] 2025-03-24 15:58:23.365 [TestNG-test-Firefox TestNgRunner Testng-1] Loggerload - Register_App_URL
[INFO ] 2025-03-24 15:58:23.365 [TestNG-test-Firefox TestNgRunner Testng-1] RegisterStepDefinition - Opening ParaBank registration page: https://parabank.parasoft.com/parabank/register.htm
  Given I navigate to "<website>"                                                                                           # stepDefinitions.RegisterStepDefinition.i_navigate_to(java.lang.String)
Test passed
[INFO ] 2025-03-24 15:58:24.393 [TestNG-test-Firefox TestNgRunner Testng-1] RegisterStepDefinition - Filling user details on registration form
[INFO ] 2025-03-24 15:58:24.756 [TestNG-test-Firefox TestNgRunner Testng-1] RegisterStepDefinition - User details filled successfully
  Then I fill user details "<First Name>", "<Last Name>", "<Address>", "<City>", "<State>", "<ZipCode>", "<Phone>", "<SSN>" # stepDefinitions.RegisterStepDefinition.i_fill_user_details(java.lang.String,java.lang.String,java.lang.String,java.lang.String,java.lang.String,java.lang.String,java.lang.String,java.lang.String)
Test passed
[INFO ] 2025-03-24 15:58:25.046 [TestNG-test-Firefox TestNgRunner Testng-1] RegisterStepDefinition - Generating random credentials for registration
[INFO ] 2025-03-24 15:58:25.046 [TestNG-test-Firefox TestNgRunner Testng-1] RegisterStepDefinition - Generated Username: TestUser7896
[INFO ] 2025-03-24 15:58:25.046 [TestNG-test-Firefox TestNgRunner Testng-1] RegisterStepDefinition - Generated Password: Test@9
[INFO ] 2025-03-24 15:58:25.435 [TestNG-test-Firefox TestNgRunner Testng-1] RegisterStepDefinition - Entered credentials successfully: TestUser7896 / Test@9
  And I enter "<Username>", "<Password>", and "<Confirm Password>"                                                          # stepDefinitions.RegisterStepDefinition.i_enter_and(java.lang.String,java.lang.String,java.lang.String)
Test passed
[INFO ] 2025-03-24 15:58:25.947 [TestNG-test-Firefox TestNgRunner Testng-1] RegisterStepDefinition - Submitting registration form
[INFO ] 2025-03-24 15:58:25.947 [TestNG-test-Firefox TestNgRunner Testng-1] RegisterStepDefinition - Registration form submitted successfully.
  When I submit on Register button                                                                                          # stepDefinitions.RegisterStepDefinition.i_submit_on_register_button()
Test passed
[INFO ] 2025-03-24 15:58:26.251 [TestNG-test-Firefox TestNgRunner Testng-1] RegisterStepDefinition - Actual page title after registration: ParaBank | Customer Created
Welcome message is: Welcome TestUser7896
[INFO ] 2025-03-24 15:58:26.270 [TestNG-test-Firefox TestNgRunner Testng-1] RegisterStepDefinition - Registration success message: Welcome TestUser7896
Welcome message is: Your account was created successfully. You are now logged in.
[INFO ] 2025-03-24 15:58:26.282 [TestNG-test-Firefox TestNgRunner Testng-1] RegisterStepDefinition - Registration success message: Your account was created successfully. You are now logged in.
  Then I should be successfully navigated to the accounts page                                                              # stepDefinitions.RegisterStepDefinition.i_should_be_successfully_navigated_to_the_accounts_page()
Test passed
[INFO ] 2025-03-24 15:58:26.544 [TestNG-test-Firefox TestNgRunner Testng-1] AccountStepDefinition - Clicking on: Open New Account
  Given In front page I click "Open New Account"                                                                            # stepDefinitions.AccountStepDefinition.in_front_page_i_click(java.lang.String)
Test passed
[INFO ] 2025-03-24 15:58:27.047 [TestNG-test-Firefox TestNgRunner Testng-1] AccountStepDefinition - Navigated to account creation page
49308
$1000.00
$1000.00
Total
$1000.00
 
[INFO ] 2025-03-24 15:58:27.089 [TestNG-test-Firefox TestNgRunner Testng-1] AccountStepDefinition - Got all details of the account
  Then I should see the account creation page                                                                               # stepDefinitions.AccountStepDefinition.i_should_see_the_account_creation_page()
Test passed
[INFO ] 2025-03-24 15:58:27.344 [TestNG-test-Firefox TestNgRunner Testng-1] AccountStepDefinition - Opening a new bank account
[INFO ] 2025-03-24 15:58:27.519 [TestNG-test-Firefox TestNgRunner Testng-1] AccountStepDefinition - clicked open new account
  When I click open new account                                                                                             # stepDefinitions.AccountStepDefinition.i_click_open_new_account()
Test passed
[INFO ] 2025-03-24 15:58:27.957 [TestNG-test-Firefox TestNgRunner Testng-1] AccountStepDefinition - Selected account type: Savings
  Then I select account type                                                                                                # stepDefinitions.AccountStepDefinition.i_select_account_type()
Test passed
[INFO ] 2025-03-24 15:58:28.352 [TestNG-test-Firefox TestNgRunner Testng-1] AccountStepDefinition - Input deposit amount: 1000
  Then I enter deposit ammount                                                                                              # stepDefinitions.AccountStepDefinition.i_enter_deposit_ammount()
Test passed
[INFO ] 2025-03-24 15:58:28.689 [TestNG-test-Firefox TestNgRunner Testng-1] AccountStepDefinition - Opened new account form
[INFO ] 2025-03-24 15:58:28.692 [TestNG-test-Firefox TestNgRunner Testng-1] AccountStepDefinition - Account created successfully
  And I create new account                                                                                                  # stepDefinitions.AccountStepDefinition.i_create_new_account()
Test passed
[INFO ] 2025-03-24 15:58:29.009 [TestNG-test-Firefox TestNgRunner Testng-1] AccountStepDefinition - Account opened successfully
  Then I get success message for account creation                                                                           # stepDefinitions.AccountStepDefinition.i_get_success_message_for_account_creation()
Test passed
[INFO ] 2025-03-24 15:58:29.560 [TestNG-test-Firefox TestNgRunner Testng-1] WebDriverFactory - WebDriver initialized: null
[INFO ] 2025-03-24 15:58:29.561 [TestNG-test-Firefox TestNgRunner Testng-1] WebDriverFactory - WebDriver quit: null
[INFO ] 2025-03-24 15:58:29.561 [TestNG-test-Firefox TestNgRunner Testng-1] WebDriverFactory - WebDriver closed.
Teardown: Browser closed.
]]></system-out>
    <system-err><![CDATA[Starting ChromeDriver 134.0.6998.165 (fd886e2cb29dd984c13deec032832dee68d8abe3-refs/branch-heads/6998@{#2122}) on port 62193
Only local connections are allowed.
Please see https://chromedriver.chromium.org/security-considerations for suggestions on keeping ChromeDriver safe.
ChromeDriver was started successfully on port 62193.
Mar 24, 2025 3:58:23 PM org.openqa.selenium.remote.ProtocolHandshake createSession
INFO: Detected dialect: W3C
Mar 24, 2025 3:58:23 PM org.openqa.selenium.devtools.CdpVersionFinder findNearestMatch
WARNING: Unable to find an exact match for CDP version 134, so returning the closest version found: 132
Mar 24, 2025 3:58:23 PM org.openqa.selenium.devtools.CdpVersionFinder findNearestMatch
INFO: Found CDP implementation for version 134 of 132
]]></system-err>
  </testcase>
  <testcase name="runScenario[&quot;Transfer fund to New Account&quot;, &quot;I open new account and transfer fund&quot;](3)" classname="testRunner.TestNgRunner" time="9.694">
    <system-out><![CDATA[
@registerTransferFunds @transferFunds
Scenario: Transfer fund to New Account                                                                                      # src/test/resources/features/03_TransferFund.feature:12
[INFO ] 2025-03-24 15:57:57.175 [TestNG-test-Chrome TestNgRunner Testng-1] WebDriverFactory - Initializing WebDriver for browser: chrome
[INFO ] 2025-03-24 15:57:57.856 [TestNG-test-Chrome TestNgRunner Testng-1] Loggerload - Register_App_URL
[INFO ] 2025-03-24 15:57:57.856 [TestNG-test-Chrome TestNgRunner Testng-1] RegisterStepDefinition - Opening ParaBank registration page: https://parabank.parasoft.com/parabank/register.htm
  Given I navigate to "<website>"                                                                                           # stepDefinitions.RegisterStepDefinition.i_navigate_to(java.lang.String)
Test passed
[INFO ] 2025-03-24 15:57:58.919 [TestNG-test-Chrome TestNgRunner Testng-1] RegisterStepDefinition - Filling user details on registration form
[INFO ] 2025-03-24 15:57:59.275 [TestNG-test-Chrome TestNgRunner Testng-1] RegisterStepDefinition - User details filled successfully
  Then I fill user details "<First Name>", "<Last Name>", "<Address>", "<City>", "<State>", "<ZipCode>", "<Phone>", "<SSN>" # stepDefinitions.RegisterStepDefinition.i_fill_user_details(java.lang.String,java.lang.String,java.lang.String,java.lang.String,java.lang.String,java.lang.String,java.lang.String,java.lang.String)
Test passed
[INFO ] 2025-03-24 15:57:59.575 [TestNG-test-Chrome TestNgRunner Testng-1] RegisterStepDefinition - Generating random credentials for registration
[INFO ] 2025-03-24 15:57:59.575 [TestNG-test-Chrome TestNgRunner Testng-1] RegisterStepDefinition - Generated Username: TestUser2304
[INFO ] 2025-03-24 15:57:59.575 [TestNG-test-Chrome TestNgRunner Testng-1] RegisterStepDefinition - Generated Password: Test@304
[INFO ] 2025-03-24 15:58:00.154 [TestNG-test-Chrome TestNgRunner Testng-1] RegisterStepDefinition - Entered credentials successfully: TestUser2304 / Test@304
  And I enter "<Username>", "<Password>", and "<Confirm Password>"                                                          # stepDefinitions.RegisterStepDefinition.i_enter_and(java.lang.String,java.lang.String,java.lang.String)
Test passed
[INFO ] 2025-03-24 15:58:00.482 [TestNG-test-Chrome TestNgRunner Testng-1] RegisterStepDefinition - Submitting registration form
[INFO ] 2025-03-24 15:58:00.482 [TestNG-test-Chrome TestNgRunner Testng-1] RegisterStepDefinition - Registration form submitted successfully.
  When I submit on Register button                                                                                          # stepDefinitions.RegisterStepDefinition.i_submit_on_register_button()
Test passed
[INFO ] 2025-03-24 15:58:00.781 [TestNG-test-Chrome TestNgRunner Testng-1] RegisterStepDefinition - Actual page title after registration: ParaBank | Customer Created
Welcome message is: Welcome TestUser2304
[INFO ] 2025-03-24 15:58:00.798 [TestNG-test-Chrome TestNgRunner Testng-1] RegisterStepDefinition - Registration success message: Welcome TestUser2304
Welcome message is: Your account was created successfully. You are now logged in.
[INFO ] 2025-03-24 15:58:00.812 [TestNG-test-Chrome TestNgRunner Testng-1] RegisterStepDefinition - Registration success message: Your account was created successfully. You are now logged in.
  Then I should be successfully navigated to the accounts page                                                              # stepDefinitions.RegisterStepDefinition.i_should_be_successfully_navigated_to_the_accounts_page()
Test passed
[INFO ] 2025-03-24 15:58:01.082 [TestNG-test-Chrome TestNgRunner Testng-1] AccountStepDefinition - Clicking on: Open New Account
  Given In front page I click "Open New Account"                                                                            # stepDefinitions.AccountStepDefinition.in_front_page_i_click(java.lang.String)
Test passed
[INFO ] 2025-03-24 15:58:01.619 [TestNG-test-Chrome TestNgRunner Testng-1] AccountStepDefinition - Navigated to account creation page
48753
$1000.00
$1000.00
Total
$1000.00
 
[INFO ] 2025-03-24 15:58:01.692 [TestNG-test-Chrome TestNgRunner Testng-1] AccountStepDefinition - Got all details of the account
  Then I should see the account creation page                                                                               # stepDefinitions.AccountStepDefinition.i_should_see_the_account_creation_page()
Test passed
[INFO ] 2025-03-24 15:58:01.947 [TestNG-test-Chrome TestNgRunner Testng-1] AccountStepDefinition - Opening a new bank account
[INFO ] 2025-03-24 15:58:02.116 [TestNG-test-Chrome TestNgRunner Testng-1] AccountStepDefinition - clicked open new account
  When I click open new account                                                                                             # stepDefinitions.AccountStepDefinition.i_click_open_new_account()
Test passed
[INFO ] 2025-03-24 15:58:02.517 [TestNG-test-Chrome TestNgRunner Testng-1] AccountStepDefinition - Selected account type: Savings
  Then I select account type                                                                                                # stepDefinitions.AccountStepDefinition.i_select_account_type()
Test passed
[INFO ] 2025-03-24 15:58:02.849 [TestNG-test-Chrome TestNgRunner Testng-1] AccountStepDefinition - Input deposit amount: 1000
  Then I enter deposit ammount                                                                                              # stepDefinitions.AccountStepDefinition.i_enter_deposit_ammount()
Test passed
[INFO ] 2025-03-24 15:58:03.175 [TestNG-test-Chrome TestNgRunner Testng-1] AccountStepDefinition - Opened new account form
[INFO ] 2025-03-24 15:58:03.180 [TestNG-test-Chrome TestNgRunner Testng-1] AccountStepDefinition - Account created successfully
  And I create new account                                                                                                  # stepDefinitions.AccountStepDefinition.i_create_new_account()
Test passed
[INFO ] 2025-03-24 15:58:03.477 [TestNG-test-Chrome TestNgRunner Testng-1] AccountStepDefinition - Account opened successfully
  Then I get success message for account creation                                                                           # stepDefinitions.AccountStepDefinition.i_get_success_message_for_account_creation()
Test passed
[INFO ] 2025-03-24 15:58:03.733 [TestNG-test-Chrome TestNgRunner Testng-1] TransferFundsStepDefinition - Clicking on Transfer Funds
  Given I click TransferFunds                                                                                               # stepDefinitions.TransferFundsStepDefinition.i_click_transfer_funds()
Test passed
[INFO ] 2025-03-24 15:58:04.286 [TestNG-test-Chrome TestNgRunner Testng-1] TransferFundsStepDefinition - Enter amount to transfer
  Then I enter amount to transfer                                                                                           # stepDefinitions.TransferFundsStepDefinition.i_enter_amount_to_transfer()
Test passed
[INFO ] 2025-03-24 15:58:04.596 [TestNG-test-Chrome TestNgRunner Testng-1] TransferFundsStepDefinition - Selecting From and To account
Size of fromAccountOption: 2
Size of toAccountOption: 2
  Then I select From account and To account                                                                                 # stepDefinitions.TransferFundsStepDefinition.i_select_from_account_and_to_account()
Test passed
[INFO ] 2025-03-24 15:58:05.007 [TestNG-test-Chrome TestNgRunner Testng-1] TransferFundsStepDefinition - Clicking on Transfer button
  Then I submit Transfer button                                                                                             # stepDefinitions.TransferFundsStepDefinition.i_submit_transfer_button()
Test passed
[INFO ] 2025-03-24 15:58:05.401 [TestNG-test-Chrome TestNgRunner Testng-1] TransferFundsStepDefinition - Verifying Transfer success message
Transfer Message: Transfer Complete!
Transfer Details: $800.00 has been transferred from account #48753 to account #48864.
  Then I should see the success message                                                                                     # stepDefinitions.TransferFundsStepDefinition.i_should_see_the_success_message()
Test passed
48753
$200.00
$200.00
48864
$800.00
$800.00
Total
$1000.00
 
Account Number:

Account Type:

Balance:

Available:

03-23-2025
Funds Transfer Sent
$0.00

03-23-2025
Funds Transfer Sent
$800.00

  And I should see the new balance in the account                                                                           # stepDefinitions.TransferFundsStepDefinition.i_should_see_the_new_balance_in_the_account()
Test passed
[INFO ] 2025-03-24 15:58:06.849 [TestNG-test-Chrome TestNgRunner Testng-1] WebDriverFactory - WebDriver initialized: null
[INFO ] 2025-03-24 15:58:06.849 [TestNG-test-Chrome TestNgRunner Testng-1] WebDriverFactory - WebDriver quit: null
[INFO ] 2025-03-24 15:58:06.849 [TestNG-test-Chrome TestNgRunner Testng-1] WebDriverFactory - WebDriver closed.
Teardown: Browser closed.
]]></system-out>
    <system-err><![CDATA[Starting ChromeDriver 134.0.6998.165 (fd886e2cb29dd984c13deec032832dee68d8abe3-refs/branch-heads/6998@{#2122}) on port 60225
Only local connections are allowed.
Please see https://chromedriver.chromium.org/security-considerations for suggestions on keeping ChromeDriver safe.
ChromeDriver was started successfully on port 60225.
Mar 24, 2025 3:57:57 PM org.openqa.selenium.remote.ProtocolHandshake createSession
INFO: Detected dialect: W3C
Mar 24, 2025 3:57:57 PM org.openqa.selenium.devtools.CdpVersionFinder findNearestMatch
WARNING: Unable to find an exact match for CDP version 134, so returning the closest version found: 132
Mar 24, 2025 3:57:57 PM org.openqa.selenium.devtools.CdpVersionFinder findNearestMatch
INFO: Found CDP implementation for version 134 of 132
]]></system-err>
  </testcase>
  <testcase name="runScenario[&quot;Transfer fund to New Account&quot;, &quot;I open new account and transfer fund&quot;](3)" classname="testRunner.TestNgRunner" time="10.054">
    <system-out><![CDATA[
@registerTransferFunds @transferFunds
Scenario: Transfer fund to New Account                                                                                      # src/test/resources/features/03_TransferFund.feature:12
[INFO ] 2025-03-24 15:58:29.579 [TestNG-test-Firefox TestNgRunner Testng-1] WebDriverFactory - Initializing WebDriver for browser: chrome
[INFO ] 2025-03-24 15:58:30.302 [TestNG-test-Firefox TestNgRunner Testng-1] Loggerload - Register_App_URL
[INFO ] 2025-03-24 15:58:30.303 [TestNG-test-Firefox TestNgRunner Testng-1] RegisterStepDefinition - Opening ParaBank registration page: https://parabank.parasoft.com/parabank/register.htm
  Given I navigate to "<website>"                                                                                           # stepDefinitions.RegisterStepDefinition.i_navigate_to(java.lang.String)
Test passed
[INFO ] 2025-03-24 15:58:31.427 [TestNG-test-Firefox TestNgRunner Testng-1] RegisterStepDefinition - Filling user details on registration form
[INFO ] 2025-03-24 15:58:31.813 [TestNG-test-Firefox TestNgRunner Testng-1] RegisterStepDefinition - User details filled successfully
  Then I fill user details "<First Name>", "<Last Name>", "<Address>", "<City>", "<State>", "<ZipCode>", "<Phone>", "<SSN>" # stepDefinitions.RegisterStepDefinition.i_fill_user_details(java.lang.String,java.lang.String,java.lang.String,java.lang.String,java.lang.String,java.lang.String,java.lang.String,java.lang.String)
Test passed
[INFO ] 2025-03-24 15:58:32.101 [TestNG-test-Firefox TestNgRunner Testng-1] RegisterStepDefinition - Generating random credentials for registration
[INFO ] 2025-03-24 15:58:32.101 [TestNG-test-Firefox TestNgRunner Testng-1] RegisterStepDefinition - Generated Username: TestUser1701
[INFO ] 2025-03-24 15:58:32.101 [TestNG-test-Firefox TestNgRunner Testng-1] RegisterStepDefinition - Generated Password: Test@884
[INFO ] 2025-03-24 15:58:32.520 [TestNG-test-Firefox TestNgRunner Testng-1] RegisterStepDefinition - Entered credentials successfully: TestUser1701 / Test@884
  And I enter "<Username>", "<Password>", and "<Confirm Password>"                                                          # stepDefinitions.RegisterStepDefinition.i_enter_and(java.lang.String,java.lang.String,java.lang.String)
Test passed
[INFO ] 2025-03-24 15:58:32.893 [TestNG-test-Firefox TestNgRunner Testng-1] RegisterStepDefinition - Submitting registration form
[INFO ] 2025-03-24 15:58:32.894 [TestNG-test-Firefox TestNgRunner Testng-1] RegisterStepDefinition - Registration form submitted successfully.
  When I submit on Register button                                                                                          # stepDefinitions.RegisterStepDefinition.i_submit_on_register_button()
Test passed
[INFO ] 2025-03-24 15:58:33.211 [TestNG-test-Firefox TestNgRunner Testng-1] RegisterStepDefinition - Actual page title after registration: ParaBank | Customer Created
Welcome message is: Welcome TestUser1701
[INFO ] 2025-03-24 15:58:33.234 [TestNG-test-Firefox TestNgRunner Testng-1] RegisterStepDefinition - Registration success message: Welcome TestUser1701
Welcome message is: Your account was created successfully. You are now logged in.
[INFO ] 2025-03-24 15:58:33.253 [TestNG-test-Firefox TestNgRunner Testng-1] RegisterStepDefinition - Registration success message: Your account was created successfully. You are now logged in.
  Then I should be successfully navigated to the accounts page                                                              # stepDefinitions.RegisterStepDefinition.i_should_be_successfully_navigated_to_the_accounts_page()
Test passed
[INFO ] 2025-03-24 15:58:33.568 [TestNG-test-Firefox TestNgRunner Testng-1] AccountStepDefinition - Clicking on: Open New Account
  Given In front page I click "Open New Account"                                                                            # stepDefinitions.AccountStepDefinition.in_front_page_i_click(java.lang.String)
Test passed
[INFO ] 2025-03-24 15:58:34.220 [TestNG-test-Firefox TestNgRunner Testng-1] AccountStepDefinition - Navigated to account creation page
49641
$1000.00
$1000.00
Total
$1000.00
 
[INFO ] 2025-03-24 15:58:34.262 [TestNG-test-Firefox TestNgRunner Testng-1] AccountStepDefinition - Got all details of the account
  Then I should see the account creation page                                                                               # stepDefinitions.AccountStepDefinition.i_should_see_the_account_creation_page()
Test passed
[INFO ] 2025-03-24 15:58:34.537 [TestNG-test-Firefox TestNgRunner Testng-1] AccountStepDefinition - Opening a new bank account
[INFO ] 2025-03-24 15:58:34.710 [TestNG-test-Firefox TestNgRunner Testng-1] AccountStepDefinition - clicked open new account
  When I click open new account                                                                                             # stepDefinitions.AccountStepDefinition.i_click_open_new_account()
Test passed
[INFO ] 2025-03-24 15:58:35.094 [TestNG-test-Firefox TestNgRunner Testng-1] AccountStepDefinition - Selected account type: Savings
  Then I select account type                                                                                                # stepDefinitions.AccountStepDefinition.i_select_account_type()
Test passed
[INFO ] 2025-03-24 15:58:35.438 [TestNG-test-Firefox TestNgRunner Testng-1] AccountStepDefinition - Input deposit amount: 1000
  Then I enter deposit ammount                                                                                              # stepDefinitions.AccountStepDefinition.i_enter_deposit_ammount()
Test passed
[INFO ] 2025-03-24 15:58:35.786 [TestNG-test-Firefox TestNgRunner Testng-1] AccountStepDefinition - Opened new account form
[INFO ] 2025-03-24 15:58:35.790 [TestNG-test-Firefox TestNgRunner Testng-1] AccountStepDefinition - Account created successfully
  And I create new account                                                                                                  # stepDefinitions.AccountStepDefinition.i_create_new_account()
Test passed
[INFO ] 2025-03-24 15:58:36.091 [TestNG-test-Firefox TestNgRunner Testng-1] AccountStepDefinition - Account opened successfully
  Then I get success message for account creation                                                                           # stepDefinitions.AccountStepDefinition.i_get_success_message_for_account_creation()
Test passed
[INFO ] 2025-03-24 15:58:36.440 [TestNG-test-Firefox TestNgRunner Testng-1] TransferFundsStepDefinition - Clicking on Transfer Funds
  Given I click TransferFunds                                                                                               # stepDefinitions.TransferFundsStepDefinition.i_click_transfer_funds()
Test passed
[INFO ] 2025-03-24 15:58:36.941 [TestNG-test-Firefox TestNgRunner Testng-1] TransferFundsStepDefinition - Enter amount to transfer
  Then I enter amount to transfer                                                                                           # stepDefinitions.TransferFundsStepDefinition.i_enter_amount_to_transfer()
Test passed
[INFO ] 2025-03-24 15:58:37.289 [TestNG-test-Firefox TestNgRunner Testng-1] TransferFundsStepDefinition - Selecting From and To account
Size of fromAccountOption: 2
Size of toAccountOption: 2
  Then I select From account and To account                                                                                 # stepDefinitions.TransferFundsStepDefinition.i_select_from_account_and_to_account()
Test passed
[INFO ] 2025-03-24 15:58:37.723 [TestNG-test-Firefox TestNgRunner Testng-1] TransferFundsStepDefinition - Clicking on Transfer button
  Then I submit Transfer button                                                                                             # stepDefinitions.TransferFundsStepDefinition.i_submit_transfer_button()
Test passed
[INFO ] 2025-03-24 15:58:38.084 [TestNG-test-Firefox TestNgRunner Testng-1] TransferFundsStepDefinition - Verifying Transfer success message
Transfer Message: Transfer Complete!
Transfer Details: $800.00 has been transferred from account #49641 to account #49752.
  Then I should see the success message                                                                                     # stepDefinitions.TransferFundsStepDefinition.i_should_see_the_success_message()
Test passed
49641
$200.00
$200.00
49752
$800.00
$800.00
Total
$1000.00
 
Account Number:

Account Type:

Balance:

Available:
$200.00
03-23-2025
Funds Transfer Sent
$0.00

03-23-2025
Funds Transfer Sent
$800.00

  And I should see the new balance in the account                                                                           # stepDefinitions.TransferFundsStepDefinition.i_should_see_the_new_balance_in_the_account()
Test passed
[INFO ] 2025-03-24 15:58:39.637 [TestNG-test-Firefox TestNgRunner Testng-1] WebDriverFactory - WebDriver initialized: null
[INFO ] 2025-03-24 15:58:39.637 [TestNG-test-Firefox TestNgRunner Testng-1] WebDriverFactory - WebDriver quit: null
[INFO ] 2025-03-24 15:58:39.637 [TestNG-test-Firefox TestNgRunner Testng-1] WebDriverFactory - WebDriver closed.
Teardown: Browser closed.
]]></system-out>
    <system-err><![CDATA[Starting ChromeDriver 134.0.6998.165 (fd886e2cb29dd984c13deec032832dee68d8abe3-refs/branch-heads/6998@{#2122}) on port 64898
Only local connections are allowed.
Please see https://chromedriver.chromium.org/security-considerations for suggestions on keeping ChromeDriver safe.
ChromeDriver was started successfully on port 64898.
Mar 24, 2025 3:58:30 PM org.openqa.selenium.remote.ProtocolHandshake createSession
INFO: Detected dialect: W3C
Mar 24, 2025 3:58:30 PM org.openqa.selenium.devtools.CdpVersionFinder findNearestMatch
WARNING: Unable to find an exact match for CDP version 134, so returning the closest version found: 132
Mar 24, 2025 3:58:30 PM org.openqa.selenium.devtools.CdpVersionFinder findNearestMatch
INFO: Found CDP implementation for version 134 of 132
]]></system-err>
  </testcase>
  <testcase name="runScenario[&quot;Open New Account and Apply for Loan&quot;, &quot;I request loan from the bank&quot;](4)" classname="testRunner.TestNgRunner" time="8.973">
    <system-out><![CDATA[
@registerRequestLoan @requestLoan
Scenario: Open New Account and Apply for Loan                                                                               # src/test/resources/features/04_RequestLoan.feature:12
[INFO ] 2025-03-24 15:58:06.862 [TestNG-test-Chrome TestNgRunner Testng-1] WebDriverFactory - Initializing WebDriver for browser: chrome
[INFO ] 2025-03-24 15:58:07.585 [TestNG-test-Chrome TestNgRunner Testng-1] Loggerload - Register_App_URL
[INFO ] 2025-03-24 15:58:07.585 [TestNG-test-Chrome TestNgRunner Testng-1] RegisterStepDefinition - Opening ParaBank registration page: https://parabank.parasoft.com/parabank/register.htm
  Given I navigate to "<website>"                                                                                           # stepDefinitions.RegisterStepDefinition.i_navigate_to(java.lang.String)
Test passed
[INFO ] 2025-03-24 15:58:08.600 [TestNG-test-Chrome TestNgRunner Testng-1] RegisterStepDefinition - Filling user details on registration form
[INFO ] 2025-03-24 15:58:08.933 [TestNG-test-Chrome TestNgRunner Testng-1] RegisterStepDefinition - User details filled successfully
  Then I fill user details "<First Name>", "<Last Name>", "<Address>", "<City>", "<State>", "<ZipCode>", "<Phone>", "<SSN>" # stepDefinitions.RegisterStepDefinition.i_fill_user_details(java.lang.String,java.lang.String,java.lang.String,java.lang.String,java.lang.String,java.lang.String,java.lang.String,java.lang.String)
Test passed
[INFO ] 2025-03-24 15:58:09.235 [TestNG-test-Chrome TestNgRunner Testng-1] RegisterStepDefinition - Generating random credentials for registration
[INFO ] 2025-03-24 15:58:09.235 [TestNG-test-Chrome TestNgRunner Testng-1] RegisterStepDefinition - Generated Username: TestUser8551
[INFO ] 2025-03-24 15:58:09.235 [TestNG-test-Chrome TestNgRunner Testng-1] RegisterStepDefinition - Generated Password: Test@28
[INFO ] 2025-03-24 15:58:09.570 [TestNG-test-Chrome TestNgRunner Testng-1] RegisterStepDefinition - Entered credentials successfully: TestUser8551 / Test@28
  And I enter "<Username>", "<Password>", and "<Confirm Password>"                                                          # stepDefinitions.RegisterStepDefinition.i_enter_and(java.lang.String,java.lang.String,java.lang.String)
Test passed
[INFO ] 2025-03-24 15:58:09.950 [TestNG-test-Chrome TestNgRunner Testng-1] RegisterStepDefinition - Submitting registration form
[INFO ] 2025-03-24 15:58:09.950 [TestNG-test-Chrome TestNgRunner Testng-1] RegisterStepDefinition - Registration form submitted successfully.
  When I submit on Register button                                                                                          # stepDefinitions.RegisterStepDefinition.i_submit_on_register_button()
Test passed
[INFO ] 2025-03-24 15:58:10.268 [TestNG-test-Chrome TestNgRunner Testng-1] RegisterStepDefinition - Actual page title after registration: ParaBank | Customer Created
Welcome message is: Welcome TestUser8551
[INFO ] 2025-03-24 15:58:10.288 [TestNG-test-Chrome TestNgRunner Testng-1] RegisterStepDefinition - Registration success message: Welcome TestUser8551
Welcome message is: Your account was created successfully. You are now logged in.
[INFO ] 2025-03-24 15:58:10.301 [TestNG-test-Chrome TestNgRunner Testng-1] RegisterStepDefinition - Registration success message: Your account was created successfully. You are now logged in.
  Then I should be successfully navigated to the accounts page                                                              # stepDefinitions.RegisterStepDefinition.i_should_be_successfully_navigated_to_the_accounts_page()
Test passed
[INFO ] 2025-03-24 15:58:10.592 [TestNG-test-Chrome TestNgRunner Testng-1] AccountStepDefinition - Clicking on: Open New Account
  Given In front page I click "Open New Account"                                                                            # stepDefinitions.AccountStepDefinition.in_front_page_i_click(java.lang.String)
Test passed
[INFO ] 2025-03-24 15:58:11.135 [TestNG-test-Chrome TestNgRunner Testng-1] AccountStepDefinition - Navigated to account creation page
48975
$1000.00
$1000.00
Total
$1000.00
 
[INFO ] 2025-03-24 15:58:11.179 [TestNG-test-Chrome TestNgRunner Testng-1] AccountStepDefinition - Got all details of the account
  Then I should see the account creation page                                                                               # stepDefinitions.AccountStepDefinition.i_should_see_the_account_creation_page()
Test passed
[INFO ] 2025-03-24 15:58:11.549 [TestNG-test-Chrome TestNgRunner Testng-1] AccountStepDefinition - Opening a new bank account
[INFO ] 2025-03-24 15:58:11.760 [TestNG-test-Chrome TestNgRunner Testng-1] AccountStepDefinition - clicked open new account
  When I click open new account                                                                                             # stepDefinitions.AccountStepDefinition.i_click_open_new_account()
Test passed
[INFO ] 2025-03-24 15:58:12.171 [TestNG-test-Chrome TestNgRunner Testng-1] AccountStepDefinition - Selected account type: Savings
  Then I select account type                                                                                                # stepDefinitions.AccountStepDefinition.i_select_account_type()
Test passed
[INFO ] 2025-03-24 15:58:12.491 [TestNG-test-Chrome TestNgRunner Testng-1] AccountStepDefinition - Input deposit amount: 1000
  Then I enter deposit ammount                                                                                              # stepDefinitions.AccountStepDefinition.i_enter_deposit_ammount()
Test passed
[INFO ] 2025-03-24 15:58:12.805 [TestNG-test-Chrome TestNgRunner Testng-1] AccountStepDefinition - Opened new account form
[INFO ] 2025-03-24 15:58:12.808 [TestNG-test-Chrome TestNgRunner Testng-1] AccountStepDefinition - Account created successfully
  And I create new account                                                                                                  # stepDefinitions.AccountStepDefinition.i_create_new_account()
Test passed
[INFO ] 2025-03-24 15:58:13.107 [TestNG-test-Chrome TestNgRunner Testng-1] AccountStepDefinition - Account opened successfully
  Then I get success message for account creation                                                                           # stepDefinitions.AccountStepDefinition.i_get_success_message_for_account_creation()
Test passed
[INFO ] 2025-03-24 15:58:13.371 [TestNG-test-Chrome TestNgRunner Testng-1] RequestLoanStepDefinition - Clicking on Request Loan
[INFO ] 2025-03-24 15:58:13.578 [TestNG-test-Chrome TestNgRunner Testng-1] RequestLoanPage - Clicked on Request Loan
  Then I click request Loan                                                                                                 # stepDefinitions.RequestLoanStepDefinition.i_click_request_loan()
Test passed
[INFO ] 2025-03-24 15:58:13.864 [TestNG-test-Chrome TestNgRunner Testng-1] RequestLoanStepDefinition - Entering loan amount
[INFO ] 2025-03-24 15:58:13.905 [TestNG-test-Chrome TestNgRunner Testng-1] RequestLoanPage - Entered loan amount : 10000
  Then I enter loan amount                                                                                                  # stepDefinitions.RequestLoanStepDefinition.i_enter_loan_amount()
Test passed
[INFO ] 2025-03-24 15:58:14.183 [TestNG-test-Chrome TestNgRunner Testng-1] RequestLoanStepDefinition - Entering down payment amount
[INFO ] 2025-03-24 15:58:14.219 [TestNG-test-Chrome TestNgRunner Testng-1] RequestLoanPage - Entered down payment amount : 1000
  Then I enter down payment amount                                                                                          # stepDefinitions.RequestLoanStepDefinition.i_enter_down_payment_amount()
Test passed
[INFO ] 2025-03-24 15:58:14.527 [TestNG-test-Chrome TestNgRunner Testng-1] RequestLoanStepDefinition - Selecting From Account
Available options:
Clicked on the first option: 48975
[INFO ] 2025-03-24 15:58:14.565 [TestNG-test-Chrome TestNgRunner Testng-1] RequestLoanPage - Clicked on the first option: 48975
  Then I select From Account                                                                                                # stepDefinitions.RequestLoanStepDefinition.i_select_from_account()
Test passed
[INFO ] 2025-03-24 15:58:14.844 [TestNG-test-Chrome TestNgRunner Testng-1] RequestLoanStepDefinition - Submitting loan request
[INFO ] 2025-03-24 15:58:14.891 [TestNG-test-Chrome TestNgRunner Testng-1] RequestLoanPage - Clicked on Apply Now button
  Then I submit loan request                                                                                                # stepDefinitions.RequestLoanStepDefinition.i_submit_loan_request()
Test passed
Loan Status: Denied
[INFO ] 2025-03-24 15:58:15.205 [TestNG-test-Chrome TestNgRunner Testng-1] RequestLoanPage - Loan Status: Denied
Loan Denied
[INFO ] 2025-03-24 15:58:15.215 [TestNG-test-Chrome TestNgRunner Testng-1] RequestLoanPage - Loan Denied
[INFO ] 2025-03-24 15:58:15.224 [TestNG-test-Chrome TestNgRunner Testng-1] RequestLoanStepDefinition - Loan request denied
Loan Message: Loan Request Processed
[INFO ] 2025-03-24 15:58:15.246 [TestNG-test-Chrome TestNgRunner Testng-1] RequestLoanPage - Loan Message: Loan Request Processed
Loan Provider:
[INFO ] 2025-03-24 15:58:15.268 [TestNG-test-Chrome TestNgRunner Testng-1] RequestLoanPage - Loan Provider:
Wealth Securities Dynamic Loans (WSDL)
[INFO ] 2025-03-24 15:58:15.279 [TestNG-test-Chrome TestNgRunner Testng-1] RequestLoanPage - Wealth Securities Dynamic Loans (WSDL)
Date:
[INFO ] 2025-03-24 15:58:15.291 [TestNG-test-Chrome TestNgRunner Testng-1] RequestLoanPage - Date:
03-24-2025
[INFO ] 2025-03-24 15:58:15.302 [TestNG-test-Chrome TestNgRunner Testng-1] RequestLoanPage - 03-24-2025
Status:
[INFO ] 2025-03-24 15:58:15.313 [TestNG-test-Chrome TestNgRunner Testng-1] RequestLoanPage - Status:
Denied
[INFO ] 2025-03-24 15:58:15.323 [TestNG-test-Chrome TestNgRunner Testng-1] RequestLoanPage - Denied
Loan Status: Denied
[INFO ] 2025-03-24 15:58:15.334 [TestNG-test-Chrome TestNgRunner Testng-1] RequestLoanPage - Loan Status: Denied
Loan Denied
[INFO ] 2025-03-24 15:58:15.340 [TestNG-test-Chrome TestNgRunner Testng-1] RequestLoanPage - Loan Denied

[INFO ] 2025-03-24 15:58:15.360 [TestNG-test-Chrome TestNgRunner Testng-1] RequestLoanPage - 

[INFO ] 2025-03-24 15:58:15.365 [TestNG-test-Chrome TestNgRunner Testng-1] RequestLoanPage - 
  Then I should see the success message for loan approved                                                                   # stepDefinitions.RequestLoanStepDefinition.i_should_see_the_success_message_for_loan_approved()
Test passed
[INFO ] 2025-03-24 15:58:15.793 [TestNG-test-Chrome TestNgRunner Testng-1] WebDriverFactory - WebDriver initialized: null
[INFO ] 2025-03-24 15:58:15.794 [TestNG-test-Chrome TestNgRunner Testng-1] WebDriverFactory - WebDriver quit: null
[INFO ] 2025-03-24 15:58:15.794 [TestNG-test-Chrome TestNgRunner Testng-1] WebDriverFactory - WebDriver closed.
Teardown: Browser closed.
]]></system-out>
    <system-err><![CDATA[Starting ChromeDriver 134.0.6998.165 (fd886e2cb29dd984c13deec032832dee68d8abe3-refs/branch-heads/6998@{#2122}) on port 56343
Only local connections are allowed.
Please see https://chromedriver.chromium.org/security-considerations for suggestions on keeping ChromeDriver safe.
ChromeDriver was started successfully on port 56343.
Mar 24, 2025 3:58:07 PM org.openqa.selenium.remote.ProtocolHandshake createSession
INFO: Detected dialect: W3C
Mar 24, 2025 3:58:07 PM org.openqa.selenium.devtools.CdpVersionFinder findNearestMatch
WARNING: Unable to find an exact match for CDP version 134, so returning the closest version found: 132
Mar 24, 2025 3:58:07 PM org.openqa.selenium.devtools.CdpVersionFinder findNearestMatch
INFO: Found CDP implementation for version 134 of 132
]]></system-err>
  </testcase>
  <testcase name="runScenario[&quot;Open New Account and Apply for Loan&quot;, &quot;I request loan from the bank&quot;](4)" classname="testRunner.TestNgRunner" time="10.032">
    <system-out><![CDATA[
@registerRequestLoan @requestLoan
Scenario: Open New Account and Apply for Loan                                                                               # src/test/resources/features/04_RequestLoan.feature:12
[INFO ] 2025-03-24 15:58:39.646 [TestNG-test-Firefox TestNgRunner Testng-1] WebDriverFactory - Initializing WebDriver for browser: chrome
[INFO ] 2025-03-24 15:58:40.382 [TestNG-test-Firefox TestNgRunner Testng-1] Loggerload - Register_App_URL
[INFO ] 2025-03-24 15:58:40.384 [TestNG-test-Firefox TestNgRunner Testng-1] RegisterStepDefinition - Opening ParaBank registration page: https://parabank.parasoft.com/parabank/register.htm
  Given I navigate to "<website>"                                                                                           # stepDefinitions.RegisterStepDefinition.i_navigate_to(java.lang.String)
Test passed
[INFO ] 2025-03-24 15:58:41.600 [TestNG-test-Firefox TestNgRunner Testng-1] RegisterStepDefinition - Filling user details on registration form
[INFO ] 2025-03-24 15:58:42.045 [TestNG-test-Firefox TestNgRunner Testng-1] RegisterStepDefinition - User details filled successfully
  Then I fill user details "<First Name>", "<Last Name>", "<Address>", "<City>", "<State>", "<ZipCode>", "<Phone>", "<SSN>" # stepDefinitions.RegisterStepDefinition.i_fill_user_details(java.lang.String,java.lang.String,java.lang.String,java.lang.String,java.lang.String,java.lang.String,java.lang.String,java.lang.String)
Test passed
[INFO ] 2025-03-24 15:58:42.354 [TestNG-test-Firefox TestNgRunner Testng-1] RegisterStepDefinition - Generating random credentials for registration
[INFO ] 2025-03-24 15:58:42.354 [TestNG-test-Firefox TestNgRunner Testng-1] RegisterStepDefinition - Generated Username: TestUser8518
[INFO ] 2025-03-24 15:58:42.354 [TestNG-test-Firefox TestNgRunner Testng-1] RegisterStepDefinition - Generated Password: Test@366
[INFO ] 2025-03-24 15:58:42.779 [TestNG-test-Firefox TestNgRunner Testng-1] RegisterStepDefinition - Entered credentials successfully: TestUser8518 / Test@366
  And I enter "<Username>", "<Password>", and "<Confirm Password>"                                                          # stepDefinitions.RegisterStepDefinition.i_enter_and(java.lang.String,java.lang.String,java.lang.String)
Test passed
[INFO ] 2025-03-24 15:58:43.528 [TestNG-test-Firefox TestNgRunner Testng-1] RegisterStepDefinition - Submitting registration form
[INFO ] 2025-03-24 15:58:43.528 [TestNG-test-Firefox TestNgRunner Testng-1] RegisterStepDefinition - Registration form submitted successfully.
  When I submit on Register button                                                                                          # stepDefinitions.RegisterStepDefinition.i_submit_on_register_button()
Test passed
[INFO ] 2025-03-24 15:58:43.826 [TestNG-test-Firefox TestNgRunner Testng-1] RegisterStepDefinition - Actual page title after registration: ParaBank | Customer Created
Welcome message is: Welcome TestUser8518
[INFO ] 2025-03-24 15:58:43.844 [TestNG-test-Firefox TestNgRunner Testng-1] RegisterStepDefinition - Registration success message: Welcome TestUser8518
Welcome message is: Your account was created successfully. You are now logged in.
[INFO ] 2025-03-24 15:58:43.858 [TestNG-test-Firefox TestNgRunner Testng-1] RegisterStepDefinition - Registration success message: Your account was created successfully. You are now logged in.
  Then I should be successfully navigated to the accounts page                                                              # stepDefinitions.RegisterStepDefinition.i_should_be_successfully_navigated_to_the_accounts_page()
Test passed
[INFO ] 2025-03-24 15:58:44.120 [TestNG-test-Firefox TestNgRunner Testng-1] AccountStepDefinition - Clicking on: Open New Account
  Given In front page I click "Open New Account"                                                                            # stepDefinitions.AccountStepDefinition.in_front_page_i_click(java.lang.String)
Test passed
[INFO ] 2025-03-24 15:58:44.703 [TestNG-test-Firefox TestNgRunner Testng-1] AccountStepDefinition - Navigated to account creation page
49863
$1000.00
$1000.00
Total
$1000.00
 
[INFO ] 2025-03-24 15:58:44.829 [TestNG-test-Firefox TestNgRunner Testng-1] AccountStepDefinition - Got all details of the account
  Then I should see the account creation page                                                                               # stepDefinitions.AccountStepDefinition.i_should_see_the_account_creation_page()
Test passed
[INFO ] 2025-03-24 15:58:45.104 [TestNG-test-Firefox TestNgRunner Testng-1] AccountStepDefinition - Opening a new bank account
[INFO ] 2025-03-24 15:58:45.485 [TestNG-test-Firefox TestNgRunner Testng-1] AccountStepDefinition - clicked open new account
  When I click open new account                                                                                             # stepDefinitions.AccountStepDefinition.i_click_open_new_account()
Test passed
[INFO ] 2025-03-24 15:58:45.899 [TestNG-test-Firefox TestNgRunner Testng-1] AccountStepDefinition - Selected account type: Savings
  Then I select account type                                                                                                # stepDefinitions.AccountStepDefinition.i_select_account_type()
Test passed
[INFO ] 2025-03-24 15:58:46.261 [TestNG-test-Firefox TestNgRunner Testng-1] AccountStepDefinition - Input deposit amount: 1000
  Then I enter deposit ammount                                                                                              # stepDefinitions.AccountStepDefinition.i_enter_deposit_ammount()
Test passed
[INFO ] 2025-03-24 15:58:46.602 [TestNG-test-Firefox TestNgRunner Testng-1] AccountStepDefinition - Opened new account form
[INFO ] 2025-03-24 15:58:46.607 [TestNG-test-Firefox TestNgRunner Testng-1] AccountStepDefinition - Account created successfully
  And I create new account                                                                                                  # stepDefinitions.AccountStepDefinition.i_create_new_account()
Test passed
[INFO ] 2025-03-24 15:58:46.908 [TestNG-test-Firefox TestNgRunner Testng-1] AccountStepDefinition - Account opened successfully
  Then I get success message for account creation                                                                           # stepDefinitions.AccountStepDefinition.i_get_success_message_for_account_creation()
Test passed
[INFO ] 2025-03-24 15:58:47.236 [TestNG-test-Firefox TestNgRunner Testng-1] RequestLoanStepDefinition - Clicking on Request Loan
[INFO ] 2025-03-24 15:58:47.407 [TestNG-test-Firefox TestNgRunner Testng-1] RequestLoanPage - Clicked on Request Loan
  Then I click request Loan                                                                                                 # stepDefinitions.RequestLoanStepDefinition.i_click_request_loan()
Test passed
[INFO ] 2025-03-24 15:58:47.727 [TestNG-test-Firefox TestNgRunner Testng-1] RequestLoanStepDefinition - Entering loan amount
[INFO ] 2025-03-24 15:58:47.766 [TestNG-test-Firefox TestNgRunner Testng-1] RequestLoanPage - Entered loan amount : 10000
  Then I enter loan amount                                                                                                  # stepDefinitions.RequestLoanStepDefinition.i_enter_loan_amount()
Test passed
[INFO ] 2025-03-24 15:58:48.050 [TestNG-test-Firefox TestNgRunner Testng-1] RequestLoanStepDefinition - Entering down payment amount
[INFO ] 2025-03-24 15:58:48.103 [TestNG-test-Firefox TestNgRunner Testng-1] RequestLoanPage - Entered down payment amount : 1000
  Then I enter down payment amount                                                                                          # stepDefinitions.RequestLoanStepDefinition.i_enter_down_payment_amount()
Test passed
[INFO ] 2025-03-24 15:58:48.412 [TestNG-test-Firefox TestNgRunner Testng-1] RequestLoanStepDefinition - Selecting From Account
Available options:
Clicked on the first option: 49863
[INFO ] 2025-03-24 15:58:48.463 [TestNG-test-Firefox TestNgRunner Testng-1] RequestLoanPage - Clicked on the first option: 49863
  Then I select From Account                                                                                                # stepDefinitions.RequestLoanStepDefinition.i_select_from_account()
Test passed
[INFO ] 2025-03-24 15:58:48.798 [TestNG-test-Firefox TestNgRunner Testng-1] RequestLoanStepDefinition - Submitting loan request
[INFO ] 2025-03-24 15:58:48.852 [TestNG-test-Firefox TestNgRunner Testng-1] RequestLoanPage - Clicked on Apply Now button
  Then I submit loan request                                                                                                # stepDefinitions.RequestLoanStepDefinition.i_submit_loan_request()
Test passed
Loan Status: Denied
[INFO ] 2025-03-24 15:58:49.167 [TestNG-test-Firefox TestNgRunner Testng-1] RequestLoanPage - Loan Status: Denied
Loan Denied
[INFO ] 2025-03-24 15:58:49.172 [TestNG-test-Firefox TestNgRunner Testng-1] RequestLoanPage - Loan Denied
[INFO ] 2025-03-24 15:58:49.178 [TestNG-test-Firefox TestNgRunner Testng-1] RequestLoanStepDefinition - Loan request denied
Loan Message: Loan Request Processed
[INFO ] 2025-03-24 15:58:49.196 [TestNG-test-Firefox TestNgRunner Testng-1] RequestLoanPage - Loan Message: Loan Request Processed
Loan Provider:
[INFO ] 2025-03-24 15:58:49.215 [TestNG-test-Firefox TestNgRunner Testng-1] RequestLoanPage - Loan Provider:
Wealth Securities Dynamic Loans (WSDL)
[INFO ] 2025-03-24 15:58:49.225 [TestNG-test-Firefox TestNgRunner Testng-1] RequestLoanPage - Wealth Securities Dynamic Loans (WSDL)
Date:
[INFO ] 2025-03-24 15:58:49.236 [TestNG-test-Firefox TestNgRunner Testng-1] RequestLoanPage - Date:
03-24-2025
[INFO ] 2025-03-24 15:58:49.247 [TestNG-test-Firefox TestNgRunner Testng-1] RequestLoanPage - 03-24-2025
Status:
[INFO ] 2025-03-24 15:58:49.257 [TestNG-test-Firefox TestNgRunner Testng-1] RequestLoanPage - Status:
Denied
[INFO ] 2025-03-24 15:58:49.267 [TestNG-test-Firefox TestNgRunner Testng-1] RequestLoanPage - Denied
Loan Status: Denied
[INFO ] 2025-03-24 15:58:49.276 [TestNG-test-Firefox TestNgRunner Testng-1] RequestLoanPage - Loan Status: Denied
Loan Denied
[INFO ] 2025-03-24 15:58:49.281 [TestNG-test-Firefox TestNgRunner Testng-1] RequestLoanPage - Loan Denied

[INFO ] 2025-03-24 15:58:49.299 [TestNG-test-Firefox TestNgRunner Testng-1] RequestLoanPage - 

[INFO ] 2025-03-24 15:58:49.305 [TestNG-test-Firefox TestNgRunner Testng-1] RequestLoanPage - 
  Then I should see the success message for loan approved                                                                   # stepDefinitions.RequestLoanStepDefinition.i_should_see_the_success_message_for_loan_approved()
Test passed
[INFO ] 2025-03-24 15:58:49.670 [TestNG-test-Firefox TestNgRunner Testng-1] WebDriverFactory - WebDriver initialized: null
[INFO ] 2025-03-24 15:58:49.671 [TestNG-test-Firefox TestNgRunner Testng-1] WebDriverFactory - WebDriver quit: null
[INFO ] 2025-03-24 15:58:49.671 [TestNG-test-Firefox TestNgRunner Testng-1] WebDriverFactory - WebDriver closed.
Teardown: Browser closed.
]]></system-out>
    <system-err><![CDATA[Starting ChromeDriver 134.0.6998.165 (fd886e2cb29dd984c13deec032832dee68d8abe3-refs/branch-heads/6998@{#2122}) on port 52765
Only local connections are allowed.
Please see https://chromedriver.chromium.org/security-considerations for suggestions on keeping ChromeDriver safe.
ChromeDriver was started successfully on port 52765.
Mar 24, 2025 3:58:40 PM org.openqa.selenium.remote.ProtocolHandshake createSession
INFO: Detected dialect: W3C
Mar 24, 2025 3:58:40 PM org.openqa.selenium.devtools.CdpVersionFinder findNearestMatch
WARNING: Unable to find an exact match for CDP version 134, so returning the closest version found: 132
Mar 24, 2025 3:58:40 PM org.openqa.selenium.devtools.CdpVersionFinder findNearestMatch
INFO: Found CDP implementation for version 134 of 132
]]></system-err>
  </testcase>
</testsuite>